Started GET "/" for ::1 at 2023-05-17 17:38:36 -0300
  [1m[35m (0.8ms)[0m  [1m[34mSELECT "schema_migrations"."version" FROM "schema_migrations" ORDER BY "schema_migrations"."version" ASC[0m
Processing by ProdutosController#index as HTML
  Rendering layout layouts/application.html.erb
  Rendering produtos/index.html.erb within layouts/application
  [1m[36mProduto Load (1.2ms)[0m  [1m[34mSELECT "produtos".* FROM "produtos" ORDER BY "produtos"."nome" ASC[0m
  ↳ app/views/produtos/index.html.erb:18
  [1m[36mDepartamento Load (1.1ms)[0m  [1m[34mSELECT "departamentos".* FROM "departamentos" WHERE "departamentos"."id" = $1 LIMIT $2[0m  [["id", 1], ["LIMIT", 1]]
  ↳ app/views/produtos/_produto.html.erb:4
  Rendered collection of produtos/_produto.html.erb [1 times] (Duration: 19.8ms | Allocations: 7984)
  [1m[36mProduto Load (1.1ms)[0m  [1m[34mSELECT "produtos".* FROM "produtos" ORDER BY "produtos"."preco" ASC LIMIT $1[0m  [["LIMIT", 1]]
  ↳ app/views/produtos/index.html.erb:36
  [1m[36mCACHE Departamento Load (0.0ms)[0m  [1m[34mSELECT "departamentos".* FROM "departamentos" WHERE "departamentos"."id" = $1 LIMIT $2[0m  [["id", 1], ["LIMIT", 1]]
  ↳ app/views/produtos/_produto.html.erb:4
  Rendered collection of produtos/_produto.html.erb [1 times] (Duration: 2.0ms | Allocations: 944)
  Rendered produtos/index.html.erb within layouts/application (Duration: 40.9ms | Allocations: 15279)
[Webpacker] Everything's up-to-date. Nothing to do
  Rendered layout layouts/application.html.erb (Duration: 60.8ms | Allocations: 27514)
Completed 200 OK in 79ms (Views: 49.5ms | ActiveRecord: 16.6ms | MongoDB: 0.0ms | Allocations: 34437)


Started GET "/produtos/new" for ::1 at 2023-05-17 17:38:42 -0300
Processing by ProdutosController#new as HTML
  Rendering layout layouts/application.html.erb
  Rendering produtos/new.html.erb within layouts/application
  [1m[36mDepartamento Load (0.8ms)[0m  [1m[34mSELECT "departamentos".* FROM "departamentos"[0m
  ↳ app/views/produtos/_form.html.erb:30
  Rendered produtos/_form.html.erb (Duration: 50.7ms | Allocations: 33304)
  Rendered produtos/new.html.erb within layouts/application (Duration: 52.0ms | Allocations: 33700)
[Webpacker] Everything's up-to-date. Nothing to do
  Rendered layout layouts/application.html.erb (Duration: 60.1ms | Allocations: 39078)
Completed 200 OK in 66ms (Views: 61.5ms | ActiveRecord: 0.8ms | MongoDB: 0.0ms | Allocations: 40455)


Started GET "/departamentos" for ::1 at 2023-05-17 17:38:43 -0300
Processing by DepartamentosController#index as HTML
  Rendering layout layouts/application.html.erb
  Rendering departamentos/index.html.erb within layouts/application
  [1m[36mDepartamento Load (1.1ms)[0m  [1m[34mSELECT "departamentos".* FROM "departamentos"[0m
  ↳ app/views/departamentos/index.html.erb:14
  Rendered departamentos/index.html.erb within layouts/application (Duration: 6.9ms | Allocations: 1720)
[Webpacker] Everything's up-to-date. Nothing to do
  Rendered layout layouts/application.html.erb (Duration: 14.1ms | Allocations: 7334)
Completed 200 OK in 23ms (Views: 17.2ms | ActiveRecord: 1.1ms | MongoDB: 0.0ms | Allocations: 9484)


Started GET "/departamentos/1" for ::1 at 2023-05-17 17:39:30 -0300
Processing by DepartamentosController#show as HTML
  Parameters: {"id"=>"1"}
  [1m[36mDepartamento Load (2.5ms)[0m  [1m[34mSELECT "departamentos".* FROM "departamentos" WHERE "departamentos"."id" = $1 LIMIT $2[0m  [["id", 1], ["LIMIT", 1]]
  ↳ app/controllers/departamentos_controller.rb:64:in `set_departamento'
  Rendering layout layouts/application.html.erb
  Rendering departamentos/show.html.erb within layouts/application
  [1m[36mProduto Load (1.4ms)[0m  [1m[34mSELECT "produtos".* FROM "produtos" WHERE (departamento_id = '1')[0m
  ↳ app/views/departamentos/show.html.erb:15
  [1m[36mDepartamento Load (1.5ms)[0m  [1m[34mSELECT "departamentos".* FROM "departamentos" WHERE "departamentos"."id" = $1 LIMIT $2[0m  [["id", 1], ["LIMIT", 1]]
  ↳ app/views/produtos/_produto.html.erb:4
  Rendered collection of produtos/_produto.html.erb [1 times] (Duration: 4.9ms | Allocations: 1261)
  Rendered departamentos/show.html.erb within layouts/application (Duration: 12.1ms | Allocations: 2370)
[Webpacker] Everything's up-to-date. Nothing to do
  Rendered layout layouts/application.html.erb (Duration: 20.6ms | Allocations: 7571)
Completed 200 OK in 33ms (Views: 19.4ms | ActiveRecord: 5.4ms | MongoDB: 0.0ms | Allocations: 9919)


Started GET "/departamentos" for ::1 at 2023-05-17 17:39:32 -0300
Processing by DepartamentosController#index as HTML
  Rendering layout layouts/application.html.erb
  Rendering departamentos/index.html.erb within layouts/application
  [1m[36mDepartamento Load (1.9ms)[0m  [1m[34mSELECT "departamentos".* FROM "departamentos"[0m
  ↳ app/views/departamentos/index.html.erb:14
  Rendered departamentos/index.html.erb within layouts/application (Duration: 10.1ms | Allocations: 1681)
[Webpacker] Everything's up-to-date. Nothing to do
  Rendered layout layouts/application.html.erb (Duration: 23.7ms | Allocations: 6963)
Completed 200 OK in 26ms (Views: 23.0ms | ActiveRecord: 1.9ms | MongoDB: 0.0ms | Allocations: 7433)


Started GET "/departamentos/1/edit" for ::1 at 2023-05-17 17:39:33 -0300
Processing by DepartamentosController#edit as HTML
  Parameters: {"id"=>"1"}
  [1m[36mDepartamento Load (1.3ms)[0m  [1m[34mSELECT "departamentos".* FROM "departamentos" WHERE "departamentos"."id" = $1 LIMIT $2[0m  [["id", 1], ["LIMIT", 1]]
  ↳ app/controllers/departamentos_controller.rb:64:in `set_departamento'
  Rendering layout layouts/application.html.erb
  Rendering departamentos/edit.html.erb within layouts/application
  Rendered departamentos/_form.html.erb (Duration: 2.1ms | Allocations: 1113)
  Rendered departamentos/edit.html.erb within layouts/application (Duration: 5.6ms | Allocations: 1527)
[Webpacker] Everything's up-to-date. Nothing to do
  Rendered layout layouts/application.html.erb (Duration: 13.4ms | Allocations: 6784)
Completed 200 OK in 22ms (Views: 15.4ms | ActiveRecord: 1.3ms | MongoDB: 0.0ms | Allocations: 8652)


Started GET "/produtos/new" for ::1 at 2023-05-17 17:43:40 -0300
Processing by ProdutosController#new as HTML
  Rendering layout layouts/application.html.erb
  Rendering produtos/new.html.erb within layouts/application
  [1m[36mDepartamento Load (3.8ms)[0m  [1m[34mSELECT "departamentos".* FROM "departamentos"[0m
  ↳ app/views/produtos/_form.html.erb:30
  Rendered produtos/_form.html.erb (Duration: 19.2ms | Allocations: 3049)
  Rendered produtos/new.html.erb within layouts/application (Duration: 20.0ms | Allocations: 3153)
[Webpacker] Everything's up-to-date. Nothing to do
  Rendered layout layouts/application.html.erb (Duration: 31.9ms | Allocations: 8415)
Completed 200 OK in 35ms (Views: 29.4ms | ActiveRecord: 3.8ms | MongoDB: 0.0ms | Allocations: 8907)


Started GET "/produtos/new" for ::1 at 2023-05-17 17:43:41 -0300
Processing by ProdutosController#new as HTML
  Rendering layout layouts/application.html.erb
  Rendering produtos/new.html.erb within layouts/application
  [1m[36mDepartamento Load (1.4ms)[0m  [1m[34mSELECT "departamentos".* FROM "departamentos"[0m
  ↳ app/views/produtos/_form.html.erb:30
  Rendered produtos/_form.html.erb (Duration: 15.2ms | Allocations: 2485)
  Rendered produtos/new.html.erb within layouts/application (Duration: 15.9ms | Allocations: 2583)
[Webpacker] Everything's up-to-date. Nothing to do
  Rendered layout layouts/application.html.erb (Duration: 33.1ms | Allocations: 7743)
Completed 200 OK in 36ms (Views: 33.0ms | ActiveRecord: 1.4ms | MongoDB: 0.0ms | Allocations: 8229)


Started GET "/departamentos" for ::1 at 2023-05-17 17:43:42 -0300
Processing by DepartamentosController#index as HTML
  Rendering layout layouts/application.html.erb
  Rendering departamentos/index.html.erb within layouts/application
  [1m[36mDepartamento Load (1.9ms)[0m  [1m[34mSELECT "departamentos".* FROM "departamentos"[0m
  ↳ app/views/departamentos/index.html.erb:14
  Rendered departamentos/index.html.erb within layouts/application (Duration: 13.5ms | Allocations: 1148)
[Webpacker] Everything's up-to-date. Nothing to do
  Rendered layout layouts/application.html.erb (Duration: 33.2ms | Allocations: 6944)
Completed 200 OK in 38ms (Views: 33.8ms | ActiveRecord: 1.9ms | MongoDB: 0.0ms | Allocations: 7423)


Started GET "/departamentos" for ::1 at 2023-05-17 17:44:49 -0300
Processing by DepartamentosController#index as HTML
  Rendering layout layouts/application.html.erb
  Rendering departamentos/index.html.erb within layouts/application
  [1m[36mDepartamento Load (1.2ms)[0m  [1m[34mSELECT "departamentos".* FROM "departamentos"[0m
  ↳ app/views/departamentos/index.html.erb:14
  Rendered departamentos/index.html.erb within layouts/application (Duration: 5.5ms | Allocations: 1141)
[Webpacker] Everything's up-to-date. Nothing to do
  Rendered layout layouts/application.html.erb (Duration: 14.4ms | Allocations: 6315)
Completed 200 OK in 17ms (Views: 14.1ms | ActiveRecord: 1.2ms | MongoDB: 0.0ms | Allocations: 6784)


Started GET "/departamentos/new" for ::1 at 2023-05-17 17:44:51 -0300
Processing by DepartamentosController#new as HTML
  Rendering layout layouts/application.html.erb
  Rendering departamentos/new.html.erb within layouts/application
  Rendered departamentos/_form.html.erb (Duration: 2.4ms | Allocations: 627)
  Rendered departamentos/new.html.erb within layouts/application (Duration: 4.4ms | Allocations: 871)
[Webpacker] Everything's up-to-date. Nothing to do
  Rendered layout layouts/application.html.erb (Duration: 12.7ms | Allocations: 6661)
Completed 200 OK in 16ms (Views: 14.2ms | ActiveRecord: 0.0ms | MongoDB: 0.0ms | Allocations: 7264)


Started GET "/departamentos" for ::1 at 2023-05-17 17:45:33 -0300
Processing by DepartamentosController#index as HTML
  Rendering layout layouts/application.html.erb
  Rendering departamentos/index.html.erb within layouts/application
  [1m[36mDepartamento Load (1.1ms)[0m  [1m[34mSELECT "departamentos".* FROM "departamentos"[0m
  ↳ app/views/departamentos/index.html.erb:14
  Rendered departamentos/index.html.erb within layouts/application (Duration: 4.4ms | Allocations: 1141)
[Webpacker] Everything's up-to-date. Nothing to do
  Rendered layout layouts/application.html.erb (Duration: 12.1ms | Allocations: 6315)
Completed 200 OK in 15ms (Views: 11.7ms | ActiveRecord: 1.1ms | MongoDB: 0.0ms | Allocations: 6784)


Started GET "/departamentos/1/edit" for ::1 at 2023-05-17 17:45:34 -0300
Processing by DepartamentosController#edit as HTML
  Parameters: {"id"=>"1"}
  [1m[36mDepartamento Load (1.6ms)[0m  [1m[34mSELECT "departamentos".* FROM "departamentos" WHERE "departamentos"."id" = $1 LIMIT $2[0m  [["id", 1], ["LIMIT", 1]]
  ↳ app/controllers/departamentos_controller.rb:64:in `set_departamento'
  Rendering layout layouts/application.html.erb
  Rendering departamentos/edit.html.erb within layouts/application
  Rendered departamentos/_form.html.erb (Duration: 1.6ms | Allocations: 674)
  Rendered departamentos/edit.html.erb within layouts/application (Duration: 2.4ms | Allocations: 845)
[Webpacker] Everything's up-to-date. Nothing to do
  Rendered layout layouts/application.html.erb (Duration: 12.2ms | Allocations: 6129)
Completed 200 OK in 20ms (Views: 12.9ms | ActiveRecord: 1.6ms | MongoDB: 0.0ms | Allocations: 7812)


