Started GET "/" for ::1 at 2023-05-15 17:58:29 -0300
  [1m[35m (1.1ms)[0m  [1m[34mSELECT sqlite_version(*)[0m
Processing by Rails::WelcomeController#index as HTML
  Rendering /home/phill/.asdf/installs/ruby/3.0.3/lib/ruby/gems/3.0.0/gems/railties-6.1.7.3/lib/rails/templates/rails/welcome/index.html.erb
  Rendered /home/phill/.asdf/installs/ruby/3.0.3/lib/ruby/gems/3.0.0/gems/railties-6.1.7.3/lib/rails/templates/rails/welcome/index.html.erb (Duration: 8.0ms | Allocations: 611)
Completed 200 OK in 20ms (Views: 11.9ms | ActiveRecord: 0.0ms | Allocations: 7490)


Started GET "/" for ::1 at 2023-05-15 18:00:40 -0300
Processing by Rails::WelcomeController#index as HTML
  Rendering /home/phill/.asdf/installs/ruby/3.0.3/lib/ruby/gems/3.0.0/gems/railties-6.1.7.3/lib/rails/templates/rails/welcome/index.html.erb
  Rendered /home/phill/.asdf/installs/ruby/3.0.3/lib/ruby/gems/3.0.0/gems/railties-6.1.7.3/lib/rails/templates/rails/welcome/index.html.erb (Duration: 6.5ms | Allocations: 268)
Completed 200 OK in 13ms (Views: 8.4ms | ActiveRecord: 0.0ms | Allocations: 3840)


Started GET "/produtos" for ::1 at 2023-05-15 18:00:44 -0300
  
ActionController::RoutingError (No route matches [GET] "/produtos"):
  
Started GET "/produtos" for ::1 at 2023-05-15 18:02:34 -0300
  
ActionController::RoutingError (uninitialized constant ProdutosController):
  
Started GET "/produtos" for ::1 at 2023-05-15 18:02:59 -0300
  
AbstractController::ActionNotFound (The action 'index' could not be found for ProdutosController):
  
actionpack (6.1.7.3) lib/abstract_controller/base.rb:160:in `process'
actionview (6.1.7.3) lib/action_view/rendering.rb:39:in `process'
actionpack (6.1.7.3) lib/action_controller/metal.rb:190:in `dispatch'
actionpack (6.1.7.3) lib/action_controller/metal.rb:254:in `dispatch'
actionpack (6.1.7.3) lib/action_dispatch/routing/route_set.rb:50:in `dispatch'
actionpack (6.1.7.3) lib/action_dispatch/routing/route_set.rb:33:in `serve'
actionpack (6.1.7.3) lib/action_dispatch/journey/router.rb:50:in `block in serve'
actionpack (6.1.7.3) lib/action_dispatch/journey/router.rb:32:in `each'
actionpack (6.1.7.3) lib/action_dispatch/journey/router.rb:32:in `serve'
actionpack (6.1.7.3) lib/action_dispatch/routing/route_set.rb:842:in `call'
rack (2.2.7) lib/rack/tempfile_reaper.rb:15:in `call'
rack (2.2.7) lib/rack/etag.rb:27:in `call'
rack (2.2.7) lib/rack/conditional_get.rb:27:in `call'
rack (2.2.7) lib/rack/head.rb:12:in `call'
actionpack (6.1.7.3) lib/action_dispatch/http/permissions_policy.rb:22:in `call'
actionpack (6.1.7.3) lib/action_dispatch/http/content_security_policy.rb:19:in `call'
rack (2.2.7) lib/rack/session/abstract/id.rb:266:in `context'
rack (2.2.7) lib/rack/session/abstract/id.rb:260:in `call'
actionpack (6.1.7.3) lib/action_dispatch/middleware/cookies.rb:697:in `call'
activerecord (6.1.7.3) lib/active_record/migration.rb:601:in `call'
actionpack (6.1.7.3) lib/action_dispatch/middleware/callbacks.rb:27:in `block in call'
activesupport (6.1.7.3) lib/active_support/callbacks.rb:98:in `run_callbacks'
actionpack (6.1.7.3) lib/action_dispatch/middleware/callbacks.rb:26:in `call'
actionpack (6.1.7.3) lib/action_dispatch/middleware/executor.rb:14:in `call'
actionpack (6.1.7.3) lib/action_dispatch/middleware/actionable_exceptions.rb:18:in `call'
actionpack (6.1.7.3) lib/action_dispatch/middleware/debug_exceptions.rb:29:in `call'
web-console (4.2.0) lib/web_console/middleware.rb:132:in `call_app'
web-console (4.2.0) lib/web_console/middleware.rb:28:in `block in call'
web-console (4.2.0) lib/web_console/middleware.rb:17:in `catch'
web-console (4.2.0) lib/web_console/middleware.rb:17:in `call'
actionpack (6.1.7.3) lib/action_dispatch/middleware/show_exceptions.rb:33:in `call'
railties (6.1.7.3) lib/rails/rack/logger.rb:37:in `call_app'
railties (6.1.7.3) lib/rails/rack/logger.rb:26:in `block in call'
activesupport (6.1.7.3) lib/active_support/tagged_logging.rb:99:in `block in tagged'
activesupport (6.1.7.3) lib/active_support/tagged_logging.rb:37:in `tagged'
activesupport (6.1.7.3) lib/active_support/tagged_logging.rb:99:in `tagged'
railties (6.1.7.3) lib/rails/rack/logger.rb:26:in `call'
sprockets-rails (3.4.2) lib/sprockets/rails/quiet_assets.rb:13:in `call'
actionpack (6.1.7.3) lib/action_dispatch/middleware/remote_ip.rb:81:in `call'
actionpack (6.1.7.3) lib/action_dispatch/middleware/request_id.rb:26:in `call'
rack (2.2.7) lib/rack/method_override.rb:24:in `call'
rack (2.2.7) lib/rack/runtime.rb:22:in `call'
activesupport (6.1.7.3) lib/active_support/cache/strategy/local_cache_middleware.rb:29:in `call'
actionpack (6.1.7.3) lib/action_dispatch/middleware/executor.rb:14:in `call'
actionpack (6.1.7.3) lib/action_dispatch/middleware/static.rb:24:in `call'
rack (2.2.7) lib/rack/sendfile.rb:110:in `call'
actionpack (6.1.7.3) lib/action_dispatch/middleware/host_authorization.rb:148:in `call'
rack-mini-profiler (2.3.4) lib/mini_profiler/profiler.rb:393:in `call'
webpacker (5.4.4) lib/webpacker/dev_server_proxy.rb:25:in `perform_request'
rack-proxy (0.7.6) lib/rack/proxy.rb:87:in `call'
railties (6.1.7.3) lib/rails/engine.rb:539:in `call'
puma (5.6.5) lib/puma/configuration.rb:252:in `call'
puma (5.6.5) lib/puma/request.rb:77:in `block in handle_request'
puma (5.6.5) lib/puma/thread_pool.rb:340:in `with_force_shutdown'
puma (5.6.5) lib/puma/request.rb:76:in `handle_request'
puma (5.6.5) lib/puma/server.rb:443:in `process_client'
puma (5.6.5) lib/puma/thread_pool.rb:147:in `block in spawn_thread'
Started GET "/produtos" for ::1 at 2023-05-15 18:03:00 -0300
  
AbstractController::ActionNotFound (The action 'index' could not be found for ProdutosController):
  
actionpack (6.1.7.3) lib/abstract_controller/base.rb:160:in `process'
actionview (6.1.7.3) lib/action_view/rendering.rb:39:in `process'
actionpack (6.1.7.3) lib/action_controller/metal.rb:190:in `dispatch'
actionpack (6.1.7.3) lib/action_controller/metal.rb:254:in `dispatch'
actionpack (6.1.7.3) lib/action_dispatch/routing/route_set.rb:50:in `dispatch'
actionpack (6.1.7.3) lib/action_dispatch/routing/route_set.rb:33:in `serve'
actionpack (6.1.7.3) lib/action_dispatch/journey/router.rb:50:in `block in serve'
actionpack (6.1.7.3) lib/action_dispatch/journey/router.rb:32:in `each'
actionpack (6.1.7.3) lib/action_dispatch/journey/router.rb:32:in `serve'
actionpack (6.1.7.3) lib/action_dispatch/routing/route_set.rb:842:in `call'
rack (2.2.7) lib/rack/tempfile_reaper.rb:15:in `call'
rack (2.2.7) lib/rack/etag.rb:27:in `call'
rack (2.2.7) lib/rack/conditional_get.rb:27:in `call'
rack (2.2.7) lib/rack/head.rb:12:in `call'
actionpack (6.1.7.3) lib/action_dispatch/http/permissions_policy.rb:22:in `call'
actionpack (6.1.7.3) lib/action_dispatch/http/content_security_policy.rb:19:in `call'
rack (2.2.7) lib/rack/session/abstract/id.rb:266:in `context'
rack (2.2.7) lib/rack/session/abstract/id.rb:260:in `call'
actionpack (6.1.7.3) lib/action_dispatch/middleware/cookies.rb:697:in `call'
activerecord (6.1.7.3) lib/active_record/migration.rb:601:in `call'
actionpack (6.1.7.3) lib/action_dispatch/middleware/callbacks.rb:27:in `block in call'
activesupport (6.1.7.3) lib/active_support/callbacks.rb:98:in `run_callbacks'
actionpack (6.1.7.3) lib/action_dispatch/middleware/callbacks.rb:26:in `call'
actionpack (6.1.7.3) lib/action_dispatch/middleware/executor.rb:14:in `call'
actionpack (6.1.7.3) lib/action_dispatch/middleware/actionable_exceptions.rb:18:in `call'
actionpack (6.1.7.3) lib/action_dispatch/middleware/debug_exceptions.rb:29:in `call'
web-console (4.2.0) lib/web_console/middleware.rb:132:in `call_app'
web-console (4.2.0) lib/web_console/middleware.rb:28:in `block in call'
web-console (4.2.0) lib/web_console/middleware.rb:17:in `catch'
web-console (4.2.0) lib/web_console/middleware.rb:17:in `call'
actionpack (6.1.7.3) lib/action_dispatch/middleware/show_exceptions.rb:33:in `call'
railties (6.1.7.3) lib/rails/rack/logger.rb:37:in `call_app'
railties (6.1.7.3) lib/rails/rack/logger.rb:26:in `block in call'
activesupport (6.1.7.3) lib/active_support/tagged_logging.rb:99:in `block in tagged'
activesupport (6.1.7.3) lib/active_support/tagged_logging.rb:37:in `tagged'
activesupport (6.1.7.3) lib/active_support/tagged_logging.rb:99:in `tagged'
railties (6.1.7.3) lib/rails/rack/logger.rb:26:in `call'
sprockets-rails (3.4.2) lib/sprockets/rails/quiet_assets.rb:13:in `call'
actionpack (6.1.7.3) lib/action_dispatch/middleware/remote_ip.rb:81:in `call'
actionpack (6.1.7.3) lib/action_dispatch/middleware/request_id.rb:26:in `call'
rack (2.2.7) lib/rack/method_override.rb:24:in `call'
rack (2.2.7) lib/rack/runtime.rb:22:in `call'
activesupport (6.1.7.3) lib/active_support/cache/strategy/local_cache_middleware.rb:29:in `call'
actionpack (6.1.7.3) lib/action_dispatch/middleware/executor.rb:14:in `call'
actionpack (6.1.7.3) lib/action_dispatch/middleware/static.rb:24:in `call'
rack (2.2.7) lib/rack/sendfile.rb:110:in `call'
actionpack (6.1.7.3) lib/action_dispatch/middleware/host_authorization.rb:148:in `call'
rack-mini-profiler (2.3.4) lib/mini_profiler/profiler.rb:393:in `call'
webpacker (5.4.4) lib/webpacker/dev_server_proxy.rb:25:in `perform_request'
rack-proxy (0.7.6) lib/rack/proxy.rb:87:in `call'
railties (6.1.7.3) lib/rails/engine.rb:539:in `call'
puma (5.6.5) lib/puma/configuration.rb:252:in `call'
puma (5.6.5) lib/puma/request.rb:77:in `block in handle_request'
puma (5.6.5) lib/puma/thread_pool.rb:340:in `with_force_shutdown'
puma (5.6.5) lib/puma/request.rb:76:in `handle_request'
puma (5.6.5) lib/puma/server.rb:443:in `process_client'
puma (5.6.5) lib/puma/thread_pool.rb:147:in `block in spawn_thread'
Started GET "/produtos" for ::1 at 2023-05-15 18:03:13 -0300
Processing by ProdutosController#index as HTML
  Rendering layout layouts/application.html.erb
  Rendering produtos/index.html within layouts/application
  Rendered produtos/index.html within layouts/application (Duration: 0.4ms | Allocations: 130)
[Webpacker] Compiling...
Started GET "/produtos" for ::1 at 2023-05-15 18:03:14 -0300
Processing by ProdutosController#index as HTML
  Rendering layout layouts/application.html.erb
  Rendering produtos/index.html within layouts/application
  Rendered produtos/index.html within layouts/application (Duration: 0.1ms | Allocations: 43)
[Webpacker] Compiling...
[Webpacker] Compiled all packs in /home/phill/42/learningRuby/rails1/store/public/packs
[Webpacker] Hash: 804a8059a304061a3e74
Version: webpack 4.46.0
Time: 1237ms
Built at: 05/15/2023 6:03:16 PM
                                     Asset       Size       Chunks                         Chunk Names
    js/application-271cf8931bb708d2d8bb.js    121 KiB  application  [emitted] [immutable]  application
js/application-271cf8931bb708d2d8bb.js.map    133 KiB  application  [emitted] [dev]        application
                             manifest.json  364 bytes               [emitted]              
Entrypoint application = js/application-271cf8931bb708d2d8bb.js js/application-271cf8931bb708d2d8bb.js.map
[./app/javascript/channels sync recursive _channel\.js$] ./app/javascript/channels sync _channel\.js$ 160 bytes {application} [built]
[./app/javascript/channels/index.js] 211 bytes {application} [built]
[./app/javascript/packs/application.js] 493 bytes {application} [built]
    + 3 hidden modules

  Rendered layout layouts/application.html.erb (Duration: 2382.1ms | Allocations: 22937)
Completed 200 OK in 2388ms (Views: 2383.9ms | Allocations: 26909)


[Webpacker] Compiled all packs in /home/phill/42/learningRuby/rails1/store/public/packs
[Webpacker] Hash: 804a8059a304061a3e74
Version: webpack 4.46.0
Time: 561ms
Built at: 05/15/2023 6:03:16 PM
                                     Asset       Size       Chunks                         Chunk Names
    js/application-271cf8931bb708d2d8bb.js    121 KiB  application  [emitted] [immutable]  application
js/application-271cf8931bb708d2d8bb.js.map    133 KiB  application  [emitted] [dev]        application
                             manifest.json  364 bytes               [emitted]              
Entrypoint application = js/application-271cf8931bb708d2d8bb.js js/application-271cf8931bb708d2d8bb.js.map
[./app/javascript/channels sync recursive _channel\.js$] ./app/javascript/channels sync _channel\.js$ 160 bytes {application} [built]
[./app/javascript/channels/index.js] 211 bytes {application} [built]
[./app/javascript/packs/application.js] 493 bytes {application} [built]
    + 3 hidden modules

  Rendered layout layouts/application.html.erb (Duration: 1796.8ms | Allocations: 6169)
Completed 200 OK in 1802ms (Views: 1797.8ms | Allocations: 9250)


Started GET "/produtos" for ::1 at 2023-05-15 18:04:11 -0300
Processing by ProdutosController#index as HTML
  Rendering layout layouts/application.html.erb
  Rendering produtos/index.html within layouts/application
  Rendered produtos/index.html within layouts/application (Duration: 0.3ms | Allocations: 50)
[Webpacker] Everything's up-to-date. Nothing to do
  Rendered layout layouts/application.html.erb (Duration: 8.5ms | Allocations: 3156)
Completed 200 OK in 12ms (Views: 10.3ms | Allocations: 3711)


  [1m[35m (0.3ms)[0m  [1m[34mSELECT sqlite_version(*)[0m
  [1m[35m (16.9ms)[0m  [1m[35mCREATE TABLE "schema_migrations" ("version" varchar NOT NULL PRIMARY KEY)[0m
  [1m[35m (15.7ms)[0m  [1m[35mCREATE TABLE "ar_internal_metadata" ("key" varchar NOT NULL PRIMARY KEY, "value" varchar, "created_at" datetime(6) NOT NULL, "updated_at" datetime(6) NOT NULL)[0m
  [1m[35m (0.1ms)[0m  [1m[34mSELECT "schema_migrations"."version" FROM "schema_migrations" ORDER BY "schema_migrations"."version" ASC[0m
Migrating to CreateProdutos (20230515210519)
  [1m[36mTRANSACTION (0.1ms)[0m  [1m[36mbegin transaction[0m
  [1m[35m (0.3ms)[0m  [1m[35mCREATE TABLE "produtos" ("id" integer PRIMARY KEY AUTOINCREMENT NOT NULL, "nome" varchar, "descricao" varchar, "preco" decimal, "quantidade" integer, "created_at" datetime(6) NOT NULL, "updated_at" datetime(6) NOT NULL)[0m
  [1m[36mActiveRecord::SchemaMigration Create (0.3ms)[0m  [1m[32mINSERT INTO "schema_migrations" ("version") VALUES (?)[0m  [["version", "20230515210519"]]
  [1m[36mTRANSACTION (16.1ms)[0m  [1m[36mcommit transaction[0m
  [1m[36mActiveRecord::InternalMetadata Load (0.1ms)[0m  [1m[34mSELECT "ar_internal_metadata".* FROM "ar_internal_metadata" WHERE "ar_internal_metadata"."key" = ? LIMIT ?[0m  [["key", "environment"], ["LIMIT", 1]]
  [1m[36mTRANSACTION (0.0ms)[0m  [1m[36mbegin transaction[0m
  [1m[36mActiveRecord::InternalMetadata Create (0.3ms)[0m  [1m[32mINSERT INTO "ar_internal_metadata" ("key", "value", "created_at", "updated_at") VALUES (?, ?, ?, ?)[0m  [["key", "environment"], ["value", "development"], ["created_at", "2023-05-15 21:06:56.784436"], ["updated_at", "2023-05-15 21:06:56.784436"]]
  [1m[36mTRANSACTION (14.1ms)[0m  [1m[36mcommit transaction[0m
  [1m[35m (0.0ms)[0m  [1m[34mSELECT sqlite_version(*)[0m
  [1m[35m (0.1ms)[0m  [1m[34mSELECT "schema_migrations"."version" FROM "schema_migrations" ORDER BY "schema_migrations"."version" ASC[0m
  [1m[35m (0.5ms)[0m  [1m[34mSELECT sqlite_version(*)[0m
  [1m[36mTRANSACTION (0.4ms)[0m  [1m[36mbegin transaction[0m
  [1m[36mProduto Create (0.4ms)[0m  [1m[32mINSERT INTO "produtos" ("nome", "descricao", "preco", "quantidade", "created_at", "updated_at") VALUES (?, ?, ?, ?, ?, ?)[0m  [["nome", "Camiseta azul"], ["descricao", "Bem bonita"], ["preco", 19.99], ["quantidade", 10], ["created_at", "2023-05-15 21:09:20.260527"], ["updated_at", "2023-05-15 21:09:20.260527"]]
  [1m[36mTRANSACTION (13.6ms)[0m  [1m[36mcommit transaction[0m
  [1m[36mTRANSACTION (0.1ms)[0m  [1m[36mbegin transaction[0m
  [1m[36mProduto Create (0.3ms)[0m  [1m[32mINSERT INTO "produtos" ("nome", "descricao", "preco", "quantidade", "created_at", "updated_at") VALUES (?, ?, ?, ?, ?, ?)[0m  [["nome", "Tenis"], ["descricao", "Bom para corrida"], ["preco", 199.0], ["quantidade", 3], ["created_at", "2023-05-15 21:09:34.904834"], ["updated_at", "2023-05-15 21:09:34.904834"]]
  [1m[36mTRANSACTION (14.1ms)[0m  [1m[36mcommit transaction[0m
Started GET "/produtos" for ::1 at 2023-05-15 18:10:17 -0300
  [1m[35m (0.1ms)[0m  [1m[34mSELECT sqlite_version(*)[0m
  [1m[35m (0.2ms)[0m  [1m[34mSELECT "schema_migrations"."version" FROM "schema_migrations" ORDER BY "schema_migrations"."version" ASC[0m
Processing by ProdutosController#index as HTML
  Rendering layout layouts/application.html.erb
  Rendering produtos/index.html within layouts/application
  Rendered produtos/index.html within layouts/application (Duration: 0.6ms | Allocations: 66)
[Webpacker] Everything's up-to-date. Nothing to do
  Rendered layout layouts/application.html.erb (Duration: 7.7ms | Allocations: 3255)
Completed 200 OK in 10ms (Views: 9.0ms | ActiveRecord: 0.0ms | Allocations: 4048)


Started GET "/produtos" for ::1 at 2023-05-15 18:10:18 -0300
Processing by ProdutosController#index as HTML
  Rendering layout layouts/application.html.erb
  Rendering produtos/index.html within layouts/application
  Rendered produtos/index.html within layouts/application (Duration: 0.1ms | Allocations: 43)
[Webpacker] Everything's up-to-date. Nothing to do
  Rendered layout layouts/application.html.erb (Duration: 4.1ms | Allocations: 2986)
Completed 200 OK in 6ms (Views: 4.8ms | ActiveRecord: 0.0ms | Allocations: 3476)


Started GET "/produtos" for ::1 at 2023-05-15 18:10:19 -0300
Processing by ProdutosController#index as HTML
  Rendering layout layouts/application.html.erb
  Rendering produtos/index.html within layouts/application
  Rendered produtos/index.html within layouts/application (Duration: 0.1ms | Allocations: 43)
[Webpacker] Everything's up-to-date. Nothing to do
  Rendered layout layouts/application.html.erb (Duration: 15.9ms | Allocations: 2987)
Completed 200 OK in 17ms (Views: 16.5ms | ActiveRecord: 0.0ms | Allocations: 3429)


Started GET "/produtos" for ::1 at 2023-05-15 18:10:19 -0300
Processing by ProdutosController#index as HTML
  Rendering layout layouts/application.html.erb
  Rendering produtos/index.html within layouts/application
  Rendered produtos/index.html within layouts/application (Duration: 0.2ms | Allocations: 43)
[Webpacker] Everything's up-to-date. Nothing to do
  Rendered layout layouts/application.html.erb (Duration: 6.5ms | Allocations: 2985)
Completed 200 OK in 8ms (Views: 7.2ms | ActiveRecord: 0.0ms | Allocations: 3426)


Started GET "/produtos" for ::1 at 2023-05-15 18:10:20 -0300
Processing by ProdutosController#index as HTML
  Rendering layout layouts/application.html.erb
  Rendering produtos/index.html within layouts/application
  Rendered produtos/index.html within layouts/application (Duration: 0.1ms | Allocations: 43)
[Webpacker] Everything's up-to-date. Nothing to do
  Rendered layout layouts/application.html.erb (Duration: 7.1ms | Allocations: 2989)
Completed 200 OK in 8ms (Views: 7.6ms | ActiveRecord: 0.0ms | Allocations: 3430)


Started GET "/produtos" for ::1 at 2023-05-15 18:10:46 -0300
  [1m[35m (0.4ms)[0m  [1m[34mSELECT sqlite_version(*)[0m
  [1m[35m (0.1ms)[0m  [1m[34mSELECT "schema_migrations"."version" FROM "schema_migrations" ORDER BY "schema_migrations"."version" ASC[0m
Processing by ProdutosController#index as HTML
  Rendering layout layouts/application.html.erb
  Rendering produtos/index.html within layouts/application
  Rendered produtos/index.html within layouts/application (Duration: 0.5ms | Allocations: 316)
[Webpacker] Everything's up-to-date. Nothing to do
  Rendered layout layouts/application.html.erb (Duration: 11.1ms | Allocations: 6160)
Completed 200 OK in 20ms (Views: 13.6ms | ActiveRecord: 0.0ms | Allocations: 9472)


Started GET "/produtos" for ::1 at 2023-05-15 18:10:47 -0300
Processing by ProdutosController#index as HTML
  Rendering layout layouts/application.html.erb
  Rendering produtos/index.html within layouts/application
  Rendered produtos/index.html within layouts/application (Duration: 0.2ms | Allocations: 50)
[Webpacker] Everything's up-to-date. Nothing to do
  Rendered layout layouts/application.html.erb (Duration: 9.1ms | Allocations: 3152)
Completed 200 OK in 13ms (Views: 10.8ms | ActiveRecord: 0.0ms | Allocations: 3697)


Started GET "/produtos" for ::1 at 2023-05-15 18:14:14 -0300
  
SyntaxError (/home/phill/42/learningRuby/rails1/store/app/controllers/produtos_controller.rb:4: syntax error, unexpected ':'
...    @produtos = Produto.order : nome
...                              ^
/home/phill/42/learningRuby/rails1/store/app/controllers/produtos_controller.rb:5: syntax error, unexpected ':'
..._com_desconto = Produto.order : preco
...                              ^
):
  
app/controllers/produtos_controller.rb:4: syntax error, unexpected ':'
app/controllers/produtos_controller.rb:5: syntax error, unexpected ':'
app/controllers/produtos_controller.rb:4: syntax error, unexpected ':'
app/controllers/produtos_controller.rb:5: syntax error, unexpected ':'
app/controllers/produtos_controller.rb:4: syntax error, unexpected ':'
app/controllers/produtos_controller.rb:5: syntax error, unexpected ':'
Started GET "/produtos" for ::1 at 2023-05-15 18:14:44 -0300
Processing by ProdutosController#index as HTML
  [1m[35m (0.2ms)[0m  [1m[34mSELECT sqlite_version(*)[0m
  ↳ app/controllers/produtos_controller.rb:4:in `index'
  Rendering layout layouts/application.html.erb
  Rendering produtos/index.html.erb within layouts/application
  [1m[36mProduto Load (0.2ms)[0m  [1m[34mSELECT "produtos".* FROM "produtos" ORDER BY "produtos"."nome" ASC[0m
  ↳ app/views/produtos/index.html.erb:15
  Rendered produtos/index.html.erb within layouts/application (Duration: 12.0ms | Allocations: 6286)
  Rendered layout layouts/application.html.erb (Duration: 12.4ms | Allocations: 6364)
Completed 500 Internal Server Error in 21ms (ActiveRecord: 1.5ms | Allocations: 9921)


  
ActionView::Template::Error (undefined method `each' for nil:NilClass):
    20:                 <td><%= produto.quantidade %></td> 
    21:             <tr>
    22:         <% end %>
    23:         <% @produtos_com_desconto.each do |produto| %>
    24:             <tr>
    25:                 <td><%= produto.nome %></td
    26:                 <td><%= produto.descricao %></td>
  
app/views/produtos/index.html.erb:23
Started GET "/produtos" for ::1 at 2023-05-15 18:15:43 -0300
Processing by ProdutosController#index as HTML
  Rendering layout layouts/application.html.erb
  Rendering produtos/index.html.erb within layouts/application
  [1m[36mProduto Load (0.2ms)[0m  [1m[34mSELECT "produtos".* FROM "produtos" ORDER BY "produtos"."nome" ASC[0m
  ↳ app/views/produtos/index.html.erb:16
  Rendered produtos/index.html.erb within layouts/application (Duration: 10.8ms | Allocations: 2572)
  Rendered layout layouts/application.html.erb (Duration: 11.5ms | Allocations: 2651)
Completed 500 Internal Server Error in 15ms (ActiveRecord: 0.2ms | Allocations: 4098)


  
ActionView::Template::Error (undefined method `each' for nil:NilClass):
    21:                 <td><%= produto.quantidade %></td> 
    22:             <tr>
    23:         <% end %>
    24:         <% @produtos_com_desconto.each do |produto| %>
    25:             <tr>
    26:                 <td><%= produto.nome %></td
    27:                 <td><%= produto.descricao %></td>
  
app/views/produtos/index.html.erb:24
Started GET "/produtos" for ::1 at 2023-05-15 18:15:45 -0300
Processing by ProdutosController#index as HTML
  Rendering layout layouts/application.html.erb
  Rendering produtos/index.html.erb within layouts/application
  [1m[36mProduto Load (0.2ms)[0m  [1m[34mSELECT "produtos".* FROM "produtos" ORDER BY "produtos"."nome" ASC[0m
  ↳ app/views/produtos/index.html.erb:16
  Rendered produtos/index.html.erb within layouts/application (Duration: 8.1ms | Allocations: 2122)
  Rendered layout layouts/application.html.erb (Duration: 8.8ms | Allocations: 2194)
Completed 500 Internal Server Error in 11ms (ActiveRecord: 0.2ms | Allocations: 2738)


  
ActionView::Template::Error (undefined method `each' for nil:NilClass):
    21:                 <td><%= produto.quantidade %></td> 
    22:             <tr>
    23:         <% end %>
    24:         <% @produtos_com_desconto.each do |produto| %>
    25:             <tr>
    26:                 <td><%= produto.nome %></td
    27:                 <td><%= produto.descricao %></td>
  
app/views/produtos/index.html.erb:24
Started GET "/produtos" for ::1 at 2023-05-15 18:16:16 -0300
Processing by ProdutosController#index as HTML
  [1m[35m (0.1ms)[0m  [1m[34mSELECT sqlite_version(*)[0m
  ↳ app/controllers/produtos_controller.rb:4:in `index'
  Rendering layout layouts/application.html.erb
  Rendering produtos/index.html.erb within layouts/application
  [1m[36mProduto Load (0.3ms)[0m  [1m[34mSELECT "produtos".* FROM "produtos" ORDER BY "produtos"."nome" ASC[0m
  ↳ app/views/produtos/index.html.erb:16
  Rendered produtos/index.html.erb within layouts/application (Duration: 13.9ms | Allocations: 5180)
  Rendered layout layouts/application.html.erb (Duration: 14.9ms | Allocations: 5259)
Completed 500 Internal Server Error in 23ms (ActiveRecord: 1.1ms | Allocations: 8005)


  
ActionView::Template::Error (undefined method `each' for nil:NilClass):
    21:                 <td><%= produto.quantidade %></td> 
    22:             <tr>
    23:         <% end %>
    24:         <% @produtos_com_desconto.each do |produto| %>
    25:             <tr>
    26:                 <td><%= produto.nome %></td
    27:                 <td><%= produto.descricao %></td>
  
app/views/produtos/index.html.erb:24
Started GET "/produtos" for ::1 at 2023-05-15 18:16:55 -0300
Processing by ProdutosController#index as HTML
  [1m[35m (0.1ms)[0m  [1m[34mSELECT sqlite_version(*)[0m
  ↳ app/controllers/produtos_controller.rb:4:in `index'
  Rendering layout layouts/application.html.erb
  Rendering produtos/index.html.erb within layouts/application
  [1m[36mProduto Load (0.2ms)[0m  [1m[34mSELECT "produtos".* FROM "produtos" ORDER BY "produtos"."nome" ASC[0m
  ↳ app/views/produtos/index.html.erb:16
  Rendered produtos/index.html.erb within layouts/application (Duration: 9.3ms | Allocations: 5180)
  Rendered layout layouts/application.html.erb (Duration: 9.8ms | Allocations: 5259)
Completed 500 Internal Server Error in 16ms (ActiveRecord: 1.2ms | Allocations: 8006)


  
ActionView::Template::Error (undefined method `each' for nil:NilClass):
    21:                 <td><%= produto.quantidade %></td> 
    22:             <tr>
    23:         <% end %>
    24:         <% @produtos_com_desconto.each do |produto| %>
    25:             <tr>
    26:                 <td><%= produto.nome %></td
    27:                 <td><%= produto.descricao %></td>
  
app/views/produtos/index.html.erb:24
Started GET "/produtos" for ::1 at 2023-05-15 18:17:18 -0300
Processing by ProdutosController#index as HTML
  Rendering layout layouts/application.html.erb
  Rendering produtos/index.html.erb within layouts/application
  [1m[36mProduto Load (0.2ms)[0m  [1m[34mSELECT "produtos".* FROM "produtos" ORDER BY "produtos"."nome" ASC[0m
  ↳ app/views/produtos/index.html.erb:16
  Rendered produtos/index.html.erb within layouts/application (Duration: 5.3ms | Allocations: 1093)
[Webpacker] Everything's up-to-date. Nothing to do
  Rendered layout layouts/application.html.erb (Duration: 16.0ms | Allocations: 4476)
Completed 200 OK in 24ms (Views: 20.6ms | ActiveRecord: 0.2ms | Allocations: 5955)


Started GET "/produtos" for ::1 at 2023-05-15 18:17:57 -0300
Processing by ProdutosController#index as HTML
  Rendering layout layouts/application.html.erb
  Rendering produtos/index.html.erb within layouts/application
  [1m[36mProduto Load (0.4ms)[0m  [1m[34mSELECT "produtos".* FROM "produtos" ORDER BY "produtos"."nome" ASC[0m
  ↳ app/views/produtos/index.html.erb:16
  Rendered produtos/index.html.erb within layouts/application (Duration: 8.9ms | Allocations: 1091)
[Webpacker] Everything's up-to-date. Nothing to do
  Rendered layout layouts/application.html.erb (Duration: 20.5ms | Allocations: 4464)
Completed 200 OK in 27ms (Views: 23.5ms | ActiveRecord: 0.4ms | Allocations: 5935)


Started GET "/produtos" for ::1 at 2023-05-15 18:20:08 -0300
Processing by ProdutosController#index as HTML
  Rendering layout layouts/application.html.erb
  Rendering produtos/index.html.erb within layouts/application
  [1m[36mProduto Load (0.1ms)[0m  [1m[34mSELECT "produtos".* FROM "produtos" ORDER BY "produtos"."nome" ASC[0m
  ↳ app/views/produtos/index.html.erb:14
  Rendered produtos/index.html.erb within layouts/application (Duration: 8.4ms | Allocations: 1093)
[Webpacker] Everything's up-to-date. Nothing to do
  Rendered layout layouts/application.html.erb (Duration: 15.7ms | Allocations: 4466)
Completed 200 OK in 19ms (Views: 17.3ms | ActiveRecord: 0.1ms | Allocations: 5937)


Started GET "/produtos" for ::1 at 2023-05-15 18:20:08 -0300
Processing by ProdutosController#index as HTML
  Rendering layout layouts/application.html.erb
  Rendering produtos/index.html.erb within layouts/application
  [1m[36mProduto Load (0.3ms)[0m  [1m[34mSELECT "produtos".* FROM "produtos" ORDER BY "produtos"."nome" ASC[0m
  ↳ app/views/produtos/index.html.erb:14
  Rendered produtos/index.html.erb within layouts/application (Duration: 4.2ms | Allocations: 755)
[Webpacker] Everything's up-to-date. Nothing to do
  Rendered layout layouts/application.html.erb (Duration: 11.1ms | Allocations: 3708)
Completed 200 OK in 13ms (Views: 11.7ms | ActiveRecord: 0.3ms | Allocations: 4280)


Started GET "/produtos" for ::1 at 2023-05-15 18:20:09 -0300
Processing by ProdutosController#index as HTML
  Rendering layout layouts/application.html.erb
  Rendering produtos/index.html.erb within layouts/application
  [1m[36mProduto Load (0.3ms)[0m  [1m[34mSELECT "produtos".* FROM "produtos" ORDER BY "produtos"."nome" ASC[0m
  ↳ app/views/produtos/index.html.erb:14
  Rendered produtos/index.html.erb within layouts/application (Duration: 4.6ms | Allocations: 755)
[Webpacker] Everything's up-to-date. Nothing to do
  Rendered layout layouts/application.html.erb (Duration: 14.3ms | Allocations: 3708)
Completed 200 OK in 16ms (Views: 14.9ms | ActiveRecord: 0.3ms | Allocations: 4216)


Started GET "/produtos" for ::1 at 2023-05-15 18:20:10 -0300
Processing by ProdutosController#index as HTML
  Rendering layout layouts/application.html.erb
  Rendering produtos/index.html.erb within layouts/application
  [1m[36mProduto Load (0.2ms)[0m  [1m[34mSELECT "produtos".* FROM "produtos" ORDER BY "produtos"."nome" ASC[0m
  ↳ app/views/produtos/index.html.erb:14
  Rendered produtos/index.html.erb within layouts/application (Duration: 4.5ms | Allocations: 755)
[Webpacker] Everything's up-to-date. Nothing to do
  Rendered layout layouts/application.html.erb (Duration: 12.2ms | Allocations: 3708)
Completed 200 OK in 14ms (Views: 12.8ms | ActiveRecord: 0.2ms | Allocations: 4216)


Started GET "/produtos" for ::1 at 2023-05-15 18:21:49 -0300
  [1m[35m (0.5ms)[0m  [1m[34mSELECT sqlite_version(*)[0m
  [1m[35m (0.1ms)[0m  [1m[34mSELECT "schema_migrations"."version" FROM "schema_migrations" ORDER BY "schema_migrations"."version" ASC[0m
Processing by ProdutosController#index as HTML
  Rendering layout layouts/application.html.erb
  Rendering produtos/index.html.erb within layouts/application
  [1m[36mProduto Load (0.6ms)[0m  [1m[34mSELECT "produtos".* FROM "produtos" ORDER BY "produtos"."nome" ASC[0m
  ↳ app/views/produtos/index.html.erb:14
  Rendered produtos/index.html.erb within layouts/application (Duration: 8.8ms | Allocations: 4969)
[Webpacker] Everything's up-to-date. Nothing to do
  Rendered layout layouts/application.html.erb (Duration: 95.1ms | Allocations: 44473)
Completed 200 OK in 107ms (Views: 96.0ms | ActiveRecord: 1.7ms | Allocations: 49793)


Started GET "/" for ::1 at 2023-05-15 18:23:06 -0300
  
ActionController::RoutingError (uninitialized constant ProdudosController
Did you mean?  ProdutosController):
  
Started GET "/" for ::1 at 2023-05-15 18:23:33 -0300
Processing by ProdutosController#index as HTML
  [1m[35m (0.1ms)[0m  [1m[34mSELECT sqlite_version(*)[0m
  ↳ app/controllers/produtos_controller.rb:4:in `index'
  Rendering layout layouts/application.html.erb
  Rendering produtos/index.html.erb within layouts/application
  [1m[36mProduto Load (0.3ms)[0m  [1m[34mSELECT "produtos".* FROM "produtos" ORDER BY "produtos"."nome" ASC[0m
  ↳ app/views/produtos/index.html.erb:14
  Rendered produtos/index.html.erb within layouts/application (Duration: 9.7ms | Allocations: 3841)
[Webpacker] Everything's up-to-date. Nothing to do
  Rendered layout layouts/application.html.erb (Duration: 18.5ms | Allocations: 8570)
Completed 200 OK in 25ms (Views: 19.2ms | ActiveRecord: 1.2ms | Allocations: 11394)


Started GET "/" for ::1 at 2023-05-16 08:26:40 -0300
  [1m[35m (0.4ms)[0m  [1m[34mSELECT sqlite_version(*)[0m
  [1m[35m (0.1ms)[0m  [1m[34mSELECT "schema_migrations"."version" FROM "schema_migrations" ORDER BY "schema_migrations"."version" ASC[0m
Processing by ProdutosController#index as HTML
  Rendering layout layouts/application.html.erb
  Rendering produtos/index.html.erb within layouts/application
  [1m[36mProduto Load (0.1ms)[0m  [1m[34mSELECT "produtos".* FROM "produtos" ORDER BY "produtos"."nome" ASC[0m
  ↳ app/views/produtos/index.html.erb:14
  Rendered produtos/index.html.erb within layouts/application (Duration: 7.2ms | Allocations: 4971)
[Webpacker] Everything's up-to-date. Nothing to do
  Rendered layout layouts/application.html.erb (Duration: 20.9ms | Allocations: 15936)
Completed 200 OK in 31ms (Views: 22.6ms | ActiveRecord: 0.5ms | Allocations: 21160)


Started GET "/" for ::1 at 2023-05-16 08:28:49 -0300
Processing by ProdutosController#index as HTML
  [1m[35m (0.0ms)[0m  [1m[34mSELECT sqlite_version(*)[0m
  ↳ app/controllers/produtos_controller.rb:4:in `index'
  Rendering layout layouts/application.html.erb
  Rendering produtos/index.html.erb within layouts/application
  [1m[36mProduto Load (0.2ms)[0m  [1m[34mSELECT "produtos".* FROM "produtos" ORDER BY "produtos"."preco" ASC LIMIT ?[0m  [["LIMIT", 1]]
  ↳ app/views/produtos/index.html.erb:14
  Rendered produtos/index.html.erb within layouts/application (Duration: 6.6ms | Allocations: 4057)
[Webpacker] Everything's up-to-date. Nothing to do
  Rendered layout layouts/application.html.erb (Duration: 12.9ms | Allocations: 8876)
Completed 200 OK in 20ms (Views: 14.6ms | ActiveRecord: 0.9ms | Allocations: 12502)


Started GET "/" for ::1 at 2023-05-16 08:29:29 -0300
Processing by ProdutosController#index as HTML
  Rendering layout layouts/application.html.erb
  Rendering produtos/index.html.erb within layouts/application
  [1m[36mProduto Load (0.2ms)[0m  [1m[34mSELECT "produtos".* FROM "produtos" ORDER BY "produtos"."nome" ASC[0m
  ↳ app/views/produtos/index.html.erb:14
  [1m[36mProduto Load (0.1ms)[0m  [1m[34mSELECT "produtos".* FROM "produtos" ORDER BY "produtos"."preco" ASC LIMIT ?[0m  [["LIMIT", 1]]
  ↳ app/views/produtos/index.html.erb:22
  Rendered produtos/index.html.erb within layouts/application (Duration: 5.4ms | Allocations: 1954)
[Webpacker] Everything's up-to-date. Nothing to do
  Rendered layout layouts/application.html.erb (Duration: 14.1ms | Allocations: 6811)
Completed 200 OK in 17ms (Views: 15.5ms | ActiveRecord: 0.4ms | Allocations: 8405)


Started GET "/" for ::1 at 2023-05-16 08:29:30 -0300
Processing by ProdutosController#index as HTML
  Rendering layout layouts/application.html.erb
  Rendering produtos/index.html.erb within layouts/application
  [1m[36mProduto Load (0.5ms)[0m  [1m[34mSELECT "produtos".* FROM "produtos" ORDER BY "produtos"."nome" ASC[0m
  ↳ app/views/produtos/index.html.erb:14
  [1m[36mProduto Load (0.2ms)[0m  [1m[34mSELECT "produtos".* FROM "produtos" ORDER BY "produtos"."preco" ASC LIMIT ?[0m  [["LIMIT", 1]]
  ↳ app/views/produtos/index.html.erb:22
  Rendered produtos/index.html.erb within layouts/application (Duration: 5.9ms | Allocations: 1470)
[Webpacker] Everything's up-to-date. Nothing to do
  Rendered layout layouts/application.html.erb (Duration: 14.2ms | Allocations: 5910)
Completed 200 OK in 18ms (Views: 14.8ms | ActiveRecord: 0.7ms | Allocations: 6499)


Started GET "/" for ::1 at 2023-05-16 08:29:31 -0300
Processing by ProdutosController#index as HTML
  Rendering layout layouts/application.html.erb
  Rendering produtos/index.html.erb within layouts/application
  [1m[36mProduto Load (0.5ms)[0m  [1m[34mSELECT "produtos".* FROM "produtos" ORDER BY "produtos"."nome" ASC[0m
  ↳ app/views/produtos/index.html.erb:14
  [1m[36mProduto Load (0.4ms)[0m  [1m[34mSELECT "produtos".* FROM "produtos" ORDER BY "produtos"."preco" ASC LIMIT ?[0m  [["LIMIT", 1]]
  ↳ app/views/produtos/index.html.erb:22
  Rendered produtos/index.html.erb within layouts/application (Duration: 7.0ms | Allocations: 1463)
[Webpacker] Everything's up-to-date. Nothing to do
  Rendered layout layouts/application.html.erb (Duration: 14.7ms | Allocations: 5900)
Completed 200 OK in 16ms (Views: 14.4ms | ActiveRecord: 0.9ms | Allocations: 6411)


Started GET "/" for ::1 at 2023-05-16 08:29:51 -0300
Processing by ProdutosController#index as HTML
  Rendering layout layouts/application.html.erb
  Rendering produtos/index.html.erb within layouts/application
  [1m[36mProduto Load (0.1ms)[0m  [1m[34mSELECT "produtos".* FROM "produtos" ORDER BY "produtos"."nome" ASC[0m
  ↳ app/views/produtos/index.html.erb:14
  [1m[36mProduto Load (0.1ms)[0m  [1m[34mSELECT "produtos".* FROM "produtos" ORDER BY "produtos"."preco" ASC LIMIT ?[0m  [["LIMIT", 1]]
  ↳ app/views/produtos/index.html.erb:23
  Rendered produtos/index.html.erb within layouts/application (Duration: 5.1ms | Allocations: 1925)
[Webpacker] Everything's up-to-date. Nothing to do
  Rendered layout layouts/application.html.erb (Duration: 13.7ms | Allocations: 6782)
Completed 200 OK in 17ms (Views: 15.8ms | ActiveRecord: 0.3ms | Allocations: 8307)


Started GET "/" for ::1 at 2023-05-16 08:31:54 -0300
Processing by ProdutosController#index as HTML
  Rendering layout layouts/application.html.erb
  Rendering produtos/index.html.erb within layouts/application
  [1m[36mProduto Load (0.1ms)[0m  [1m[34mSELECT "produtos".* FROM "produtos" ORDER BY "produtos"."nome" ASC[0m
  ↳ app/views/produtos/index.html.erb:14
  [1m[36mProduto Load (0.3ms)[0m  [1m[34mSELECT "produtos".* FROM "produtos" ORDER BY "produtos"."preco" ASC LIMIT ?[0m  [["LIMIT", 1]]
  ↳ app/views/produtos/index.html.erb:27
  Rendered produtos/index.html.erb within layouts/application (Duration: 6.9ms | Allocations: 1927)
[Webpacker] Everything's up-to-date. Nothing to do
  Rendered layout layouts/application.html.erb (Duration: 17.3ms | Allocations: 6852)
Completed 200 OK in 20ms (Views: 18.5ms | ActiveRecord: 0.4ms | Allocations: 8440)


Started GET "/" for ::1 at 2023-05-16 08:35:02 -0300
Processing by ProdutosController#index as HTML
  Rendering layout layouts/application.html.erb
  Rendering produtos/index.html.erb within layouts/application
  [1m[36mProduto Load (0.2ms)[0m  [1m[34mSELECT "produtos".* FROM "produtos" ORDER BY "produtos"."nome" ASC[0m
  ↳ app/views/produtos/index.html.erb:14
  [1m[36mProduto Load (0.2ms)[0m  [1m[34mSELECT "produtos".* FROM "produtos" ORDER BY "produtos"."preco" ASC LIMIT ?[0m  [["LIMIT", 1]]
  ↳ app/views/produtos/index.html.erb:27
  Rendered produtos/index.html.erb within layouts/application (Duration: 7.0ms | Allocations: 1920)
[Webpacker] Everything's up-to-date. Nothing to do
  Rendered layout layouts/application.html.erb (Duration: 16.2ms | Allocations: 6805)
Completed 200 OK in 20ms (Views: 17.9ms | ActiveRecord: 0.4ms | Allocations: 8385)


Started GET "/" for ::1 at 2023-05-16 08:35:47 -0300
Processing by ProdutosController#index as HTML
  Rendering layout layouts/application.html.erb
  Rendering produtos/index.html.erb within layouts/application
  [1m[36mProduto Load (0.1ms)[0m  [1m[34mSELECT "produtos".* FROM "produtos" ORDER BY "produtos"."nome" ASC[0m
  ↳ app/views/produtos/index.html.erb:14
  [1m[36mProduto Load (0.4ms)[0m  [1m[34mSELECT "produtos".* FROM "produtos" ORDER BY "produtos"."preco" ASC LIMIT ?[0m  [["LIMIT", 1]]
  ↳ app/views/produtos/index.html.erb:27
  Rendered produtos/index.html.erb within layouts/application (Duration: 7.3ms | Allocations: 1920)
[Webpacker] Everything's up-to-date. Nothing to do
  Rendered layout layouts/application.html.erb (Duration: 15.0ms | Allocations: 6777)
Completed 200 OK in 18ms (Views: 16.2ms | ActiveRecord: 0.5ms | Allocations: 8356)


Started GET "/" for ::1 at 2023-05-16 08:37:06 -0300
Processing by ProdutosController#index as HTML
  Rendering layout layouts/application.html.erb
  Rendering produtos/index.html.erb within layouts/application
  [1m[36mProduto Load (0.1ms)[0m  [1m[34mSELECT "produtos".* FROM "produtos" ORDER BY "produtos"."nome" ASC[0m
  ↳ app/views/produtos/index.html.erb:14
  [1m[36mProduto Load (0.2ms)[0m  [1m[34mSELECT "produtos".* FROM "produtos" ORDER BY "produtos"."preco" ASC LIMIT ?[0m  [["LIMIT", 1]]
  ↳ app/views/produtos/index.html.erb:27
  Rendered produtos/index.html.erb within layouts/application (Duration: 6.1ms | Allocations: 1919)
[Webpacker] Everything's up-to-date. Nothing to do
  Rendered layout layouts/application.html.erb (Duration: 12.6ms | Allocations: 6776)
Completed 200 OK in 17ms (Views: 14.1ms | ActiveRecord: 0.3ms | Allocations: 8355)


Started GET "/" for ::1 at 2023-05-16 08:37:07 -0300
Processing by ProdutosController#index as HTML
  Rendering layout layouts/application.html.erb
  Rendering produtos/index.html.erb within layouts/application
  [1m[36mProduto Load (0.2ms)[0m  [1m[34mSELECT "produtos".* FROM "produtos" ORDER BY "produtos"."nome" ASC[0m
  ↳ app/views/produtos/index.html.erb:14
  [1m[36mProduto Load (0.1ms)[0m  [1m[34mSELECT "produtos".* FROM "produtos" ORDER BY "produtos"."preco" ASC LIMIT ?[0m  [["LIMIT", 1]]
  ↳ app/views/produtos/index.html.erb:27
  Rendered produtos/index.html.erb within layouts/application (Duration: 4.6ms | Allocations: 1463)
[Webpacker] Everything's up-to-date. Nothing to do
  Rendered layout layouts/application.html.erb (Duration: 10.9ms | Allocations: 5900)
Completed 200 OK in 13ms (Views: 12.1ms | ActiveRecord: 0.3ms | Allocations: 6475)


Started GET "/" for ::1 at 2023-05-16 08:37:48 -0300
Processing by ProdutosController#index as HTML
  Rendering layout layouts/application.html.erb
  Rendering produtos/index.html.erb within layouts/application
  [1m[36mProduto Load (0.1ms)[0m  [1m[34mSELECT "produtos".* FROM "produtos" ORDER BY "produtos"."nome" ASC[0m
  ↳ app/views/produtos/index.html.erb:14
  [1m[36mProduto Load (0.2ms)[0m  [1m[34mSELECT "produtos".* FROM "produtos" ORDER BY "produtos"."preco" ASC LIMIT ?[0m  [["LIMIT", 1]]
  ↳ app/views/produtos/index.html.erb:27
  Rendered produtos/index.html.erb within layouts/application (Duration: 7.0ms | Allocations: 1920)
[Webpacker] Everything's up-to-date. Nothing to do
  Rendered layout layouts/application.html.erb (Duration: 16.8ms | Allocations: 6777)
Completed 200 OK in 20ms (Views: 18.8ms | ActiveRecord: 0.3ms | Allocations: 8292)


Started GET "/" for ::1 at 2023-05-16 08:38:49 -0300
Processing by ProdutosController#index as HTML
  Rendering layout layouts/application.html.erb
  Rendering produtos/index.html.erb within layouts/application
  [1m[36mProduto Load (0.1ms)[0m  [1m[34mSELECT "produtos".* FROM "produtos" ORDER BY "produtos"."nome" ASC[0m
  ↳ app/views/produtos/index.html.erb:16
  [1m[36mProduto Load (0.9ms)[0m  [1m[34mSELECT "produtos".* FROM "produtos" ORDER BY "produtos"."preco" ASC LIMIT ?[0m  [["LIMIT", 1]]
  ↳ app/views/produtos/index.html.erb:34
  Rendered produtos/index.html.erb within layouts/application (Duration: 6.6ms | Allocations: 1940)
[Webpacker] Everything's up-to-date. Nothing to do
  Rendered layout layouts/application.html.erb (Duration: 15.0ms | Allocations: 6797)
Completed 200 OK in 18ms (Views: 15.7ms | ActiveRecord: 1.0ms | Allocations: 8392)


Started GET "/" for ::1 at 2023-05-16 08:38:51 -0300
Processing by ProdutosController#index as HTML
  Rendering layout layouts/application.html.erb
  Rendering produtos/index.html.erb within layouts/application
  [1m[36mProduto Load (0.5ms)[0m  [1m[34mSELECT "produtos".* FROM "produtos" ORDER BY "produtos"."nome" ASC[0m
  ↳ app/views/produtos/index.html.erb:16
  [1m[36mProduto Load (0.2ms)[0m  [1m[34mSELECT "produtos".* FROM "produtos" ORDER BY "produtos"."preco" ASC LIMIT ?[0m  [["LIMIT", 1]]
  ↳ app/views/produtos/index.html.erb:34
  Rendered produtos/index.html.erb within layouts/application (Duration: 7.3ms | Allocations: 1463)
[Webpacker] Everything's up-to-date. Nothing to do
  Rendered layout layouts/application.html.erb (Duration: 16.0ms | Allocations: 5900)
Completed 200 OK in 18ms (Views: 16.0ms | ActiveRecord: 0.7ms | Allocations: 6475)


Started GET "/" for ::1 at 2023-05-16 08:38:52 -0300
Processing by ProdutosController#index as HTML
  Rendering layout layouts/application.html.erb
  Rendering produtos/index.html.erb within layouts/application
  [1m[36mProduto Load (0.1ms)[0m  [1m[34mSELECT "produtos".* FROM "produtos" ORDER BY "produtos"."nome" ASC[0m
  ↳ app/views/produtos/index.html.erb:16
  [1m[36mProduto Load (0.2ms)[0m  [1m[34mSELECT "produtos".* FROM "produtos" ORDER BY "produtos"."preco" ASC LIMIT ?[0m  [["LIMIT", 1]]
  ↳ app/views/produtos/index.html.erb:34
  Rendered produtos/index.html.erb within layouts/application (Duration: 4.0ms | Allocations: 1465)
[Webpacker] Everything's up-to-date. Nothing to do
  Rendered layout layouts/application.html.erb (Duration: 12.3ms | Allocations: 5969)
Completed 200 OK in 14ms (Views: 13.0ms | ActiveRecord: 0.3ms | Allocations: 6483)


Started GET "/" for ::1 at 2023-05-16 08:38:52 -0300
Processing by ProdutosController#index as HTML
  Rendering layout layouts/application.html.erb
  Rendering produtos/index.html.erb within layouts/application
  [1m[36mProduto Load (0.1ms)[0m  [1m[34mSELECT "produtos".* FROM "produtos" ORDER BY "produtos"."nome" ASC[0m
  ↳ app/views/produtos/index.html.erb:16
  [1m[36mProduto Load (0.2ms)[0m  [1m[34mSELECT "produtos".* FROM "produtos" ORDER BY "produtos"."preco" ASC LIMIT ?[0m  [["LIMIT", 1]]
  ↳ app/views/produtos/index.html.erb:34
  Rendered produtos/index.html.erb within layouts/application (Duration: 4.6ms | Allocations: 1463)
[Webpacker] Everything's up-to-date. Nothing to do
  Rendered layout layouts/application.html.erb (Duration: 11.5ms | Allocations: 5967)
Completed 200 OK in 15ms (Views: 13.0ms | ActiveRecord: 0.3ms | Allocations: 6481)


Started GET "/" for ::1 at 2023-05-16 08:38:53 -0300
Processing by ProdutosController#index as HTML
  Rendering layout layouts/application.html.erb
  Rendering produtos/index.html.erb within layouts/application
  [1m[36mProduto Load (0.1ms)[0m  [1m[34mSELECT "produtos".* FROM "produtos" ORDER BY "produtos"."nome" ASC[0m
  ↳ app/views/produtos/index.html.erb:16
  [1m[36mProduto Load (0.3ms)[0m  [1m[34mSELECT "produtos".* FROM "produtos" ORDER BY "produtos"."preco" ASC LIMIT ?[0m  [["LIMIT", 1]]
  ↳ app/views/produtos/index.html.erb:34
  Rendered produtos/index.html.erb within layouts/application (Duration: 6.2ms | Allocations: 1463)
[Webpacker] Everything's up-to-date. Nothing to do
  Rendered layout layouts/application.html.erb (Duration: 14.2ms | Allocations: 5914)
Completed 200 OK in 16ms (Views: 14.4ms | ActiveRecord: 0.3ms | Allocations: 6425)


Started GET "/" for ::1 at 2023-05-16 08:41:57 -0300
Processing by ProdutosController#index as HTML
  Rendering layout layouts/application.html.erb
  Rendering produtos/index.html.erb within layouts/application
  [1m[36mProduto Load (0.1ms)[0m  [1m[34mSELECT "produtos".* FROM "produtos" ORDER BY "produtos"."nome" ASC[0m
  ↳ app/views/produtos/index.html.erb:16
  [1m[36mProduto Load (0.1ms)[0m  [1m[34mSELECT "produtos".* FROM "produtos" ORDER BY "produtos"."preco" ASC LIMIT ?[0m  [["LIMIT", 1]]
  ↳ app/views/produtos/index.html.erb:34
  Rendered produtos/index.html.erb within layouts/application (Duration: 3.9ms | Allocations: 1932)
[Webpacker] Everything's up-to-date. Nothing to do
  Rendered layout layouts/application.html.erb (Duration: 12.4ms | Allocations: 6803)
Completed 200 OK in 15ms (Views: 13.8ms | ActiveRecord: 0.2ms | Allocations: 8325)


Started GET "/" for ::1 at 2023-05-16 08:43:24 -0300
Processing by ProdutosController#index as HTML
  Rendering layout layouts/application.html.erb
  Rendering produtos/index.html.erb within layouts/application
  Rendered produtos/index.html.erb within layouts/application (Duration: 21.6ms | Allocations: 7585)
  Rendered layout layouts/application.html.erb (Duration: 22.0ms | Allocations: 7672)
Completed 500 Internal Server Error in 28ms (ActiveRecord: 0.0ms | Allocations: 9228)


  
ActionView::Template::Error (undefined local variable or method `account_daskboard_path' for #<ActionView::Base:0x00000000009e48>):
    1: <html>
    2: <%= nav_bar brand: "We're sooo web 1.0alizr", brand_link: account_daskboard_path %>
    3:     <body>
    4:         <table class="table table-bordered table-hover">
    5:             <thead>
  
app/views/produtos/index.html.erb:2
Started GET "/" for ::1 at 2023-05-16 08:43:47 -0300
Processing by ProdutosController#index as HTML
  Rendering layout layouts/application.html.erb
  Rendering produtos/index.html.erb within layouts/application
  Rendered produtos/index.html.erb within layouts/application (Duration: 7.2ms | Allocations: 4622)
  Rendered layout layouts/application.html.erb (Duration: 7.5ms | Allocations: 4700)
Completed 500 Internal Server Error in 11ms (ActiveRecord: 0.0ms | Allocations: 6263)


  
ActionView::Template::Error (undefined local variable or method `localhost' for #<ActionView::Base:0x0000000000a2a8>
Did you mean?  locale):
    1: <html>
    2: <%= nav_bar brand: "My Store", brand_link: localhost %>
    3:     <body>
    4:         <table class="table table-bordered table-hover">
    5:             <thead>
  
app/views/produtos/index.html.erb:2
Started GET "/" for ::1 at 2023-05-16 08:44:04 -0300
Processing by ProdutosController#index as HTML
  Rendering layout layouts/application.html.erb
  Rendering produtos/index.html.erb within layouts/application
  [1m[36mProduto Load (0.3ms)[0m  [1m[34mSELECT "produtos".* FROM "produtos" ORDER BY "produtos"."nome" ASC[0m
  ↳ app/views/produtos/index.html.erb:17
  [1m[36mProduto Load (0.3ms)[0m  [1m[34mSELECT "produtos".* FROM "produtos" ORDER BY "produtos"."preco" ASC LIMIT ?[0m  [["LIMIT", 1]]
  ↳ app/views/produtos/index.html.erb:35
  Rendered produtos/index.html.erb within layouts/application (Duration: 11.0ms | Allocations: 2207)
[Webpacker] Everything's up-to-date. Nothing to do
  Rendered layout layouts/application.html.erb (Duration: 18.2ms | Allocations: 7114)
Completed 200 OK in 22ms (Views: 20.2ms | ActiveRecord: 0.5ms | Allocations: 8709)


Started GET "/" for ::1 at 2023-05-16 08:44:06 -0300
Processing by ProdutosController#index as HTML
  Rendering layout layouts/application.html.erb
  Rendering produtos/index.html.erb within layouts/application
  [1m[36mProduto Load (0.1ms)[0m  [1m[34mSELECT "produtos".* FROM "produtos" ORDER BY "produtos"."nome" ASC[0m
  ↳ app/views/produtos/index.html.erb:17
  [1m[36mProduto Load (0.1ms)[0m  [1m[34mSELECT "produtos".* FROM "produtos" ORDER BY "produtos"."preco" ASC LIMIT ?[0m  [["LIMIT", 1]]
  ↳ app/views/produtos/index.html.erb:35
  Rendered produtos/index.html.erb within layouts/application (Duration: 4.6ms | Allocations: 1601)
[Webpacker] Everything's up-to-date. Nothing to do
  Rendered layout layouts/application.html.erb (Duration: 13.3ms | Allocations: 6037)
Completed 200 OK in 15ms (Views: 13.9ms | ActiveRecord: 0.2ms | Allocations: 6614)


Started GET "/" for ::1 at 2023-05-16 08:44:06 -0300
Processing by ProdutosController#index as HTML
  Rendering layout layouts/application.html.erb
  Rendering produtos/index.html.erb within layouts/application
  [1m[36mProduto Load (0.2ms)[0m  [1m[34mSELECT "produtos".* FROM "produtos" ORDER BY "produtos"."nome" ASC[0m
  ↳ app/views/produtos/index.html.erb:17
  [1m[36mProduto Load (0.2ms)[0m  [1m[34mSELECT "produtos".* FROM "produtos" ORDER BY "produtos"."preco" ASC LIMIT ?[0m  [["LIMIT", 1]]
  ↳ app/views/produtos/index.html.erb:35
  Rendered produtos/index.html.erb within layouts/application (Duration: 5.7ms | Allocations: 1601)
[Webpacker] Everything's up-to-date. Nothing to do
  Rendered layout layouts/application.html.erb (Duration: 11.0ms | Allocations: 6037)
Completed 200 OK in 13ms (Views: 11.5ms | ActiveRecord: 0.4ms | Allocations: 6550)


Started GET "/" for ::1 at 2023-05-16 08:45:47 -0300
Processing by ProdutosController#index as HTML
  Rendering layout layouts/application.html.erb
  Rendering produtos/index.html.erb within layouts/application
  [1m[36mProduto Load (0.2ms)[0m  [1m[34mSELECT "produtos".* FROM "produtos" ORDER BY "produtos"."nome" ASC[0m
  ↳ app/views/produtos/index.html.erb:18
  [1m[36mProduto Load (0.1ms)[0m  [1m[34mSELECT "produtos".* FROM "produtos" ORDER BY "produtos"."preco" ASC LIMIT ?[0m  [["LIMIT", 1]]
  ↳ app/views/produtos/index.html.erb:36
  Rendered produtos/index.html.erb within layouts/application (Duration: 5.9ms | Allocations: 2160)
[Webpacker] Everything's up-to-date. Nothing to do
  Rendered layout layouts/application.html.erb (Duration: 12.8ms | Allocations: 7000)
Completed 200 OK in 16ms (Views: 14.2ms | ActiveRecord: 0.3ms | Allocations: 8515)


Started GET "/" for ::1 at 2023-05-16 08:49:15 -0300
Processing by ProdutosController#index as HTML
  Rendering layout layouts/application.html.erb
  Rendering produtos/index.html.erb within layouts/application
  [1m[36mProduto Load (0.1ms)[0m  [1m[34mSELECT "produtos".* FROM "produtos" ORDER BY "produtos"."nome" ASC[0m
  ↳ app/views/produtos/index.html.erb:18
  [1m[36mProduto Load (0.1ms)[0m  [1m[34mSELECT "produtos".* FROM "produtos" ORDER BY "produtos"."preco" ASC LIMIT ?[0m  [["LIMIT", 1]]
  ↳ app/views/produtos/index.html.erb:41
  Rendered produtos/index.html.erb within layouts/application (Duration: 8.0ms | Allocations: 2159)
[Webpacker] Everything's up-to-date. Nothing to do
  Rendered layout layouts/application.html.erb (Duration: 17.1ms | Allocations: 6999)
Completed 200 OK in 23ms (Views: 19.2ms | ActiveRecord: 0.2ms | Allocations: 8578)


Started GET "/" for ::1 at 2023-05-16 08:49:37 -0300
Processing by ProdutosController#index as HTML
  Rendering layout layouts/application.html.erb
  Rendering produtos/index.html.erb within layouts/application
  [1m[36mProduto Load (0.1ms)[0m  [1m[34mSELECT "produtos".* FROM "produtos" ORDER BY "produtos"."nome" ASC[0m
  ↳ app/views/produtos/index.html.erb:16
  [1m[36mProduto Load (0.3ms)[0m  [1m[34mSELECT "produtos".* FROM "produtos" ORDER BY "produtos"."preco" ASC LIMIT ?[0m  [["LIMIT", 1]]
  ↳ app/views/produtos/index.html.erb:39
  Rendered produtos/index.html.erb within layouts/application (Duration: 7.7ms | Allocations: 2157)
[Webpacker] Everything's up-to-date. Nothing to do
  Rendered layout layouts/application.html.erb (Duration: 19.8ms | Allocations: 6997)
Completed 200 OK in 25ms (Views: 23.0ms | ActiveRecord: 0.4ms | Allocations: 8577)


Started GET "/" for ::1 at 2023-05-16 08:50:47 -0300
Processing by ProdutosController#index as HTML
  Rendering layout layouts/application.html.erb
  Rendering produtos/index.html.erb within layouts/application
  [1m[36mProduto Load (0.1ms)[0m  [1m[34mSELECT "produtos".* FROM "produtos" ORDER BY "produtos"."nome" ASC[0m
  ↳ app/views/produtos/index.html.erb:16
  [1m[36mProduto Load (0.2ms)[0m  [1m[34mSELECT "produtos".* FROM "produtos" ORDER BY "produtos"."preco" ASC LIMIT ?[0m  [["LIMIT", 1]]
  ↳ app/views/produtos/index.html.erb:39
  Rendered produtos/index.html.erb within layouts/application (Duration: 7.3ms | Allocations: 2164)
[Webpacker] Everything's up-to-date. Nothing to do
  Rendered layout layouts/application.html.erb (Duration: 14.5ms | Allocations: 7032)
Completed 200 OK in 17ms (Views: 15.9ms | ActiveRecord: 0.3ms | Allocations: 8618)


Started GET "/produtos/cadastro" for ::1 at 2023-05-16 09:05:45 -0300
Processing by ProdutosController#cadastro as HTML
  Rendering layout layouts/application.html.erb
  Rendering produtos/cadastro.html.erb within layouts/application
  Rendered produtos/cadastro.html.erb within layouts/application (Duration: 0.3ms | Allocations: 156)
[Webpacker] Everything's up-to-date. Nothing to do
  Rendered layout layouts/application.html.erb (Duration: 8.2ms | Allocations: 4999)
Completed 200 OK in 10ms (Views: 9.7ms | Allocations: 6468)


Started GET "/produtos/cadastro?nome=Bluesa&descricao=Grande&preco=11&quantidade=7" for ::1 at 2023-05-16 09:06:41 -0300
Processing by ProdutosController#cadastro as HTML
  Parameters: {"nome"=>"Bluesa", "descricao"=>"Grande", "preco"=>"11", "quantidade"=>"7"}
  Rendering layout layouts/application.html.erb
  Rendering produtos/cadastro.html.erb within layouts/application
  Rendered produtos/cadastro.html.erb within layouts/application (Duration: 0.2ms | Allocations: 39)
[Webpacker] Everything's up-to-date. Nothing to do
  Rendered layout layouts/application.html.erb (Duration: 9.7ms | Allocations: 4465)
Completed 200 OK in 12ms (Views: 10.5ms | Allocations: 4956)


Started GET "/" for ::1 at 2023-05-16 09:06:54 -0300
Processing by ProdutosController#index as HTML
  [1m[35m (0.1ms)[0m  [1m[34mSELECT sqlite_version(*)[0m
  ↳ app/controllers/produtos_controller.rb:4:in `index'
  Rendering layout layouts/application.html.erb
  Rendering produtos/index.html.erb within layouts/application
  [1m[36mProduto Load (1.1ms)[0m  [1m[34mSELECT "produtos".* FROM "produtos" ORDER BY "produtos"."nome" ASC[0m
  ↳ app/views/produtos/index.html.erb:16
  [1m[36mProduto Load (0.3ms)[0m  [1m[34mSELECT "produtos".* FROM "produtos" ORDER BY "produtos"."preco" ASC LIMIT ?[0m  [["LIMIT", 1]]
  ↳ app/views/produtos/index.html.erb:39
  Rendered produtos/index.html.erb within layouts/application (Duration: 19.8ms | Allocations: 4891)
[Webpacker] Everything's up-to-date. Nothing to do
  Rendered layout layouts/application.html.erb (Duration: 39.5ms | Allocations: 9427)
Completed 200 OK in 58ms (Views: 39.0ms | ActiveRecord: 4.3ms | Allocations: 14104)


Started GET "/" for ::1 at 2023-05-16 09:08:34 -0300
Processing by ProdutosController#index as HTML
  Rendering layout layouts/application.html.erb
  Rendering produtos/index.html.erb within layouts/application
  [1m[36mProduto Load (0.2ms)[0m  [1m[34mSELECT "produtos".* FROM "produtos" ORDER BY "produtos"."nome" ASC[0m
  ↳ app/views/produtos/index.html.erb:16
  [1m[36mProduto Load (0.2ms)[0m  [1m[34mSELECT "produtos".* FROM "produtos" ORDER BY "produtos"."preco" ASC LIMIT ?[0m  [["LIMIT", 1]]
  ↳ app/views/produtos/index.html.erb:39
  Rendered produtos/index.html.erb within layouts/application (Duration: 7.4ms | Allocations: 2156)
[Webpacker] Everything's up-to-date. Nothing to do
  Rendered layout layouts/application.html.erb (Duration: 21.0ms | Allocations: 6996)
Completed 200 OK in 24ms (Views: 22.6ms | ActiveRecord: 0.4ms | Allocations: 8547)


Started GET "/produtos/cadastro?nome=Bluesa&descricao=Grande&preco=11&quantidade=7" for ::1 at 2023-05-16 09:08:36 -0300
Processing by ProdutosController#cadastro as HTML
  Parameters: {"nome"=>"Bluesa", "descricao"=>"Grande", "preco"=>"11", "quantidade"=>"7"}
  Rendering layout layouts/application.html.erb
  Rendering produtos/cadastro.html.erb within layouts/application
  Rendered produtos/cadastro.html.erb within layouts/application (Duration: 0.4ms | Allocations: 123)
[Webpacker] Everything's up-to-date. Nothing to do
  Rendered layout layouts/application.html.erb (Duration: 7.1ms | Allocations: 4577)
Completed 200 OK in 9ms (Views: 7.8ms | ActiveRecord: 0.0ms | Allocations: 5178)


Started GET "/produtos/cadastro?nome=Bluesa&descricao=Grande&preco=11&quantidade=7" for ::1 at 2023-05-16 09:08:37 -0300
Processing by ProdutosController#cadastro as HTML
  Parameters: {"nome"=>"Bluesa", "descricao"=>"Grande", "preco"=>"11", "quantidade"=>"7"}
  Rendering layout layouts/application.html.erb
  Rendering produtos/cadastro.html.erb within layouts/application
  Rendered produtos/cadastro.html.erb within layouts/application (Duration: 0.1ms | Allocations: 39)
[Webpacker] Everything's up-to-date. Nothing to do
  Rendered layout layouts/application.html.erb (Duration: 7.4ms | Allocations: 4493)
Completed 200 OK in 9ms (Views: 8.0ms | ActiveRecord: 0.0ms | Allocations: 4942)


Started GET "/produtos/cadastro?nome=Bluesa&descricao=Grande&preco=11&quantidade=7" for ::1 at 2023-05-16 09:08:38 -0300
Processing by ProdutosController#cadastro as HTML
  Parameters: {"nome"=>"Bluesa", "descricao"=>"Grande", "preco"=>"11", "quantidade"=>"7"}
  Rendering layout layouts/application.html.erb
  Rendering produtos/cadastro.html.erb within layouts/application
  Rendered produtos/cadastro.html.erb within layouts/application (Duration: 0.4ms | Allocations: 39)
[Webpacker] Everything's up-to-date. Nothing to do
  Rendered layout layouts/application.html.erb (Duration: 6.5ms | Allocations: 4465)
Completed 200 OK in 8ms (Views: 7.3ms | ActiveRecord: 0.0ms | Allocations: 4913)


Started GET "/produtos/cadastro?nome=asdasd&descricao=1&preco=12%2C22&quantidade=12" for ::1 at 2023-05-16 09:08:49 -0300
Processing by ProdutosController#cadastro as HTML
  Parameters: {"nome"=>"asdasd", "descricao"=>"1", "preco"=>"12,22", "quantidade"=>"12"}
  Rendering layout layouts/application.html.erb
  Rendering produtos/cadastro.html.erb within layouts/application
  Rendered produtos/cadastro.html.erb within layouts/application (Duration: 0.5ms | Allocations: 158)
[Webpacker] Everything's up-to-date. Nothing to do
  Rendered layout layouts/application.html.erb (Duration: 8.8ms | Allocations: 5011)
Completed 200 OK in 12ms (Views: 10.7ms | ActiveRecord: 0.0ms | Allocations: 6385)


Started GET "/produtos/cadastro?nome=asdasd&descricao=1&preco=12%2C22&quantidade=12" for ::1 at 2023-05-16 09:10:14 -0300
Processing by ProdutosController#cadastro as HTML
  Parameters: {"nome"=>"asdasd", "descricao"=>"1", "preco"=>"12,22", "quantidade"=>"12"}
  Rendering layout layouts/application.html.erb
  Rendering produtos/cadastro.html.erb within layouts/application
  Rendered produtos/cadastro.html.erb within layouts/application (Duration: 1.8ms | Allocations: 159)
[Webpacker] Everything's up-to-date. Nothing to do
  Rendered layout layouts/application.html.erb (Duration: 9.0ms | Allocations: 5017)
Completed 200 OK in 13ms (Views: 11.6ms | ActiveRecord: 0.0ms | Allocations: 6434)


Started GET "/produtos/cadastro?nome=&descricao=&preco=1&quantidade=" for ::1 at 2023-05-16 09:10:18 -0300
Processing by ProdutosController#cadastro as HTML
  Parameters: {"nome"=>"", "descricao"=>"", "preco"=>"1", "quantidade"=>""}
  Rendering layout layouts/application.html.erb
  Rendering produtos/cadastro.html.erb within layouts/application
  Rendered produtos/cadastro.html.erb within layouts/application (Duration: 0.2ms | Allocations: 39)
[Webpacker] Everything's up-to-date. Nothing to do
  Rendered layout layouts/application.html.erb (Duration: 6.0ms | Allocations: 4488)
Completed 200 OK in 12ms (Views: 9.6ms | ActiveRecord: 0.0ms | Allocations: 4984)


Started GET "/produtos/cadastro?nome=&descricao=&preco=1&quantidade=" for ::1 at 2023-05-16 09:10:58 -0300
Processing by ProdutosController#cadastro as HTML
  Parameters: {"nome"=>"", "descricao"=>"", "preco"=>"1", "quantidade"=>""}
  Rendering layout layouts/application.html.erb
  Rendering produtos/cadastro.html.erb within layouts/application
  Rendered produtos/cadastro.html.erb within layouts/application (Duration: 0.7ms | Allocations: 159)
[Webpacker] Everything's up-to-date. Nothing to do
  Rendered layout layouts/application.html.erb (Duration: 7.5ms | Allocations: 5012)
Completed 200 OK in 10ms (Views: 9.1ms | ActiveRecord: 0.0ms | Allocations: 6387)


Started GET "/produtos/cadastro?nome=&descricao=&preco=1&quantidade=" for ::1 at 2023-05-16 09:10:58 -0300
Processing by ProdutosController#cadastro as HTML
  Parameters: {"nome"=>"", "descricao"=>"", "preco"=>"1", "quantidade"=>""}
  Rendering layout layouts/application.html.erb
  Rendering produtos/cadastro.html.erb within layouts/application
  Rendered produtos/cadastro.html.erb within layouts/application (Duration: 0.1ms | Allocations: 39)
[Webpacker] Everything's up-to-date. Nothing to do
  Rendered layout layouts/application.html.erb (Duration: 8.4ms | Allocations: 4465)
Completed 200 OK in 10ms (Views: 9.2ms | ActiveRecord: 0.0ms | Allocations: 4961)


Started GET "/produtos/cadastro?nome=&descricao=&preco=12&quantidade=" for ::1 at 2023-05-16 09:11:01 -0300
Processing by ProdutosController#cadastro as HTML
  Parameters: {"nome"=>"", "descricao"=>"", "preco"=>"12", "quantidade"=>""}
  Rendering layout layouts/application.html.erb
  Rendering produtos/cadastro.html.erb within layouts/application
  Rendered produtos/cadastro.html.erb within layouts/application (Duration: 0.4ms | Allocations: 39)
[Webpacker] Everything's up-to-date. Nothing to do
  Rendered layout layouts/application.html.erb (Duration: 7.4ms | Allocations: 4465)
Completed 200 OK in 9ms (Views: 8.2ms | ActiveRecord: 0.0ms | Allocations: 4913)


Started GET "/produtos/cadastro?nome=&descricao=&preco=12&quantidade=" for ::1 at 2023-05-16 09:18:27 -0300
Processing by ProdutosController#cadastro as HTML
  Parameters: {"nome"=>"", "descricao"=>"", "preco"=>"12", "quantidade"=>""}
  Rendering layout layouts/application.html.erb
  Rendering produtos/cadastro.html.erb within layouts/application
  Rendered produtos/cadastro.html.erb within layouts/application (Duration: 1.0ms | Allocations: 1118)
  Rendered layout layouts/application.html.erb (Duration: 1.3ms | Allocations: 1197)
Completed 500 Internal Server Error in 4ms (Allocations: 2632)


  
ActionView::SyntaxErrorInTemplate (Encountered a syntax error while rendering template: check <html>
    <body>
        <%= form_for Produto.new do |form| %>
            Nome <input type="text" name="nome"><br/>
            Descrição <textarea type="textarea" name="descricao"></textarea><br/>
            Preço <input type="text" name="preco" pattern="[0-9]+([,\.][0-9]+)?" step="0.01" title="ex: 10.99"  placeholder="Insira um valor">><br/>
            Descrição <input type="number" name="quantidade"><br/>

            <button type="submit"> Criar </button>
        <% end >
    </body>
</html>
):
1:    <html>
2:        <body>
3:            <%= form_for Produto.new do |form| %>
4:                Nome <input type="text" name="nome"><br/>
5:                Descrição <textarea type="textarea" name="descricao"></textarea><br/>
6:                Preço <input type="text" name="preco" pattern="[0-9]+([,\.][0-9]+)?" step="0.01" title="ex: 10.99"  placeholder="Insira um valor">><br/>
7:                Descrição <input type="number" name="quantidade"><br/>
8:    
9:                <button type="submit"> Criar </button>
10:            <% end >
11:        </body>
12:    </html>
  
app/views/produtos/cadastro.html.erb:14: syntax error, unexpected end-of-input, expecting `end'
app/views/produtos/cadastro.html.erb:14: syntax error, unexpected end-of-input, expecting `end'
app/views/produtos/cadastro.html.erb:14: syntax error, unexpected end-of-input, expecting `end'
app/views/produtos/cadastro.html.erb:14: syntax error, unexpected end-of-input, expecting `end'
app/views/produtos/cadastro.html.erb:14: syntax error, unexpected end-of-input, expecting `end'
app/views/produtos/cadastro.html.erb:14: syntax error, unexpected end-of-input, expecting `end'
Started GET "/produtos/cadastro" for ::1 at 2023-05-16 09:18:44 -0300
Processing by ProdutosController#cadastro as HTML
  Rendering layout layouts/application.html.erb
  Rendering produtos/cadastro.html.erb within layouts/application
  Rendered produtos/cadastro.html.erb within layouts/application (Duration: 1.3ms | Allocations: 1085)
  Rendered layout layouts/application.html.erb (Duration: 1.7ms | Allocations: 1158)
Completed 500 Internal Server Error in 3ms (Allocations: 1625)


  
ActionView::SyntaxErrorInTemplate (Encountered a syntax error while rendering template: check <html>
    <body>
        <%= form_for Produto.new do |form| %>
            Nome <input type="text" name="nome"><br/>
            Descrição <textarea type="textarea" name="descricao"></textarea><br/>
            Preço <input type="text" name="preco" pattern="[0-9]+([,\.][0-9]+)?" step="0.01" title="ex: 10.99"  placeholder="Insira um valor">><br/>
            Descrição <input type="number" name="quantidade"><br/>

            <button type="submit"> Criar </button>
        <% end >
    </body>
</html>
):
1:    <html>
2:        <body>
3:            <%= form_for Produto.new do |form| %>
4:                Nome <input type="text" name="nome"><br/>
5:                Descrição <textarea type="textarea" name="descricao"></textarea><br/>
6:                Preço <input type="text" name="preco" pattern="[0-9]+([,\.][0-9]+)?" step="0.01" title="ex: 10.99"  placeholder="Insira um valor">><br/>
7:                Descrição <input type="number" name="quantidade"><br/>
8:    
9:                <button type="submit"> Criar </button>
10:            <% end >
11:        </body>
12:    </html>
  
app/views/produtos/cadastro.html.erb:14: syntax error, unexpected end-of-input, expecting `end'
app/views/produtos/cadastro.html.erb:14: syntax error, unexpected end-of-input, expecting `end'
app/views/produtos/cadastro.html.erb:14: syntax error, unexpected end-of-input, expecting `end'
app/views/produtos/cadastro.html.erb:14: syntax error, unexpected end-of-input, expecting `end'
app/views/produtos/cadastro.html.erb:14: syntax error, unexpected end-of-input, expecting `end'
app/views/produtos/cadastro.html.erb:14: syntax error, unexpected end-of-input, expecting `end'
Started GET "/produtos/cadastro" for ::1 at 2023-05-16 09:19:18 -0300
Processing by ProdutosController#cadastro as HTML
  Rendering layout layouts/application.html.erb
  Rendering produtos/cadastro.html.erb within layouts/application
  [1m[35m (0.1ms)[0m  [1m[34mSELECT sqlite_version(*)[0m
  ↳ app/views/produtos/cadastro.html.erb:3
  Rendered produtos/cadastro.html.erb within layouts/application (Duration: 16.1ms | Allocations: 7858)
[Webpacker] Everything's up-to-date. Nothing to do
  Rendered layout layouts/application.html.erb (Duration: 24.5ms | Allocations: 12657)
Completed 200 OK in 27ms (Views: 26.2ms | ActiveRecord: 0.4ms | Allocations: 14022)


Started POST "/produtos" for ::1 at 2023-05-16 09:19:45 -0300
Processing by ProdutosController#create as HTML
  Parameters: {"authenticity_token"=>"[FILTERED]", "nome"=>"Chinelo", "descricao"=>"branco", "preco"=>"12.2", "quantidade"=>"50"}
Completed 400 Bad Request in 3ms (ActiveRecord: 0.0ms | Allocations: 786)


  
ActionController::ParameterMissing (param is missing or the value is empty: produto
Did you mean?  preco
               controller
               authenticity_token
               descricao):
  
app/controllers/produtos_controller.rb:9:in `create'
Started POST "/produtos" for ::1 at 2023-05-16 09:21:04 -0300
Processing by ProdutosController#create as HTML
  Parameters: {"authenticity_token"=>"[FILTERED]", "nome"=>"Chinelo", "descricao"=>"branco", "preco"=>"12.2", "quantidade"=>"50"}
Completed 400 Bad Request in 2ms (ActiveRecord: 0.0ms | Allocations: 658)


  
ActionController::ParameterMissing (param is missing or the value is empty: produto
Did you mean?  preco
               controller
               authenticity_token
               descricao):
  
app/controllers/produtos_controller.rb:9:in `create'
Started GET "/produtos/cadastro" for ::1 at 2023-05-16 09:21:06 -0300
Processing by ProdutosController#cadastro as HTML
  Rendering layout layouts/application.html.erb
  Rendering produtos/cadastro.html.erb within layouts/application
  Rendered produtos/cadastro.html.erb within layouts/application (Duration: 1.4ms | Allocations: 557)
[Webpacker] Everything's up-to-date. Nothing to do
  Rendered layout layouts/application.html.erb (Duration: 9.4ms | Allocations: 5429)
Completed 200 OK in 16ms (Views: 12.5ms | ActiveRecord: 0.0ms | Allocations: 6817)


Started POST "/produtos" for ::1 at 2023-05-16 09:21:16 -0300
Processing by ProdutosController#create as HTML
  Parameters: {"authenticity_token"=>"[FILTERED]", "produto"=>{"nome"=>"chinelo", "descricao"=>"aa", "preco"=>"12", "quantidade"=>"1"}}
  [1m[36mTRANSACTION (0.1ms)[0m  [1m[36mbegin transaction[0m
  ↳ app/controllers/produtos_controller.rb:10:in `create'
  [1m[36mProduto Create (0.7ms)[0m  [1m[32mINSERT INTO "produtos" ("nome", "descricao", "preco", "quantidade", "created_at", "updated_at") VALUES (?, ?, ?, ?, ?, ?)[0m  [["nome", "chinelo"], ["descricao", "aa"], ["preco", 12.0], ["quantidade", 1], ["created_at", "2023-05-16 12:21:17.003129"], ["updated_at", "2023-05-16 12:21:17.003129"]]
  ↳ app/controllers/produtos_controller.rb:10:in `create'
  [1m[36mTRANSACTION (13.3ms)[0m  [1m[36mcommit transaction[0m
  ↳ app/controllers/produtos_controller.rb:10:in `create'
No template found for ProdutosController#create, rendering head :no_content
Completed 204 No Content in 31ms (ActiveRecord: 14.1ms | Allocations: 7552)


Started POST "/produtos" for ::1 at 2023-05-16 09:21:18 -0300
Processing by ProdutosController#create as HTML
  Parameters: {"authenticity_token"=>"[FILTERED]", "produto"=>{"nome"=>"chinelo", "descricao"=>"aa", "preco"=>"12", "quantidade"=>"1"}}
  [1m[36mTRANSACTION (0.1ms)[0m  [1m[36mbegin transaction[0m
  ↳ app/controllers/produtos_controller.rb:10:in `create'
  [1m[36mProduto Create (1.3ms)[0m  [1m[32mINSERT INTO "produtos" ("nome", "descricao", "preco", "quantidade", "created_at", "updated_at") VALUES (?, ?, ?, ?, ?, ?)[0m  [["nome", "chinelo"], ["descricao", "aa"], ["preco", 12.0], ["quantidade", 1], ["created_at", "2023-05-16 12:21:18.551633"], ["updated_at", "2023-05-16 12:21:18.551633"]]
  ↳ app/controllers/produtos_controller.rb:10:in `create'
  [1m[36mTRANSACTION (12.3ms)[0m  [1m[36mcommit transaction[0m
  ↳ app/controllers/produtos_controller.rb:10:in `create'
No template found for ProdutosController#create, rendering head :no_content
Completed 204 No Content in 23ms (ActiveRecord: 13.6ms | Allocations: 4967)


Started GET "/" for ::1 at 2023-05-16 09:21:22 -0300
Processing by ProdutosController#index as HTML
  Rendering layout layouts/application.html.erb
  Rendering produtos/index.html.erb within layouts/application
  [1m[36mProduto Load (0.3ms)[0m  [1m[34mSELECT "produtos".* FROM "produtos" ORDER BY "produtos"."nome" ASC[0m
  ↳ app/views/produtos/index.html.erb:16
  [1m[36mProduto Load (0.5ms)[0m  [1m[34mSELECT "produtos".* FROM "produtos" ORDER BY "produtos"."preco" ASC LIMIT ?[0m  [["LIMIT", 1]]
  ↳ app/views/produtos/index.html.erb:39
  Rendered produtos/index.html.erb within layouts/application (Duration: 10.4ms | Allocations: 2148)
[Webpacker] Everything's up-to-date. Nothing to do
  Rendered layout layouts/application.html.erb (Duration: 18.6ms | Allocations: 6584)
Completed 200 OK in 21ms (Views: 19.1ms | ActiveRecord: 0.8ms | Allocations: 7307)


Started POST "/produtos" for ::1 at 2023-05-16 09:22:24 -0300
Processing by ProdutosController#create as HTML
  Parameters: {"authenticity_token"=>"[FILTERED]", "produto"=>{"nome"=>"chinelo", "descricao"=>"aa", "preco"=>"12", "quantidade"=>"1"}}
  [1m[35m (0.0ms)[0m  [1m[34mSELECT sqlite_version(*)[0m
  ↳ app/controllers/produtos_controller.rb:10:in `create'
  [1m[36mTRANSACTION (0.2ms)[0m  [1m[36mbegin transaction[0m
  ↳ app/controllers/produtos_controller.rb:10:in `create'
  [1m[36mProduto Create (0.2ms)[0m  [1m[32mINSERT INTO "produtos" ("nome", "descricao", "preco", "quantidade", "created_at", "updated_at") VALUES (?, ?, ?, ?, ?, ?)[0m  [["nome", "chinelo"], ["descricao", "aa"], ["preco", 12.0], ["quantidade", 1], ["created_at", "2023-05-16 12:22:24.302044"], ["updated_at", "2023-05-16 12:22:24.302044"]]
  ↳ app/controllers/produtos_controller.rb:10:in `create'
  [1m[36mTRANSACTION (13.2ms)[0m  [1m[36mcommit transaction[0m
  ↳ app/controllers/produtos_controller.rb:10:in `create'
Completed 500 Internal Server Error in 42ms (ActiveRecord: 14.6ms | Allocations: 12119)


  
NameError (undefined local variable or method `route_path' for #<ProdutosController:0x0000000000ee20>
Did you mean?  root_path):
  
app/controllers/produtos_controller.rb:11:in `create'
Started GET "/produtos/cadastro" for ::1 at 2023-05-16 09:22:51 -0300
Processing by ProdutosController#cadastro as HTML
  Rendering layout layouts/application.html.erb
  Rendering produtos/cadastro.html.erb within layouts/application
  [1m[35m (0.1ms)[0m  [1m[34mSELECT sqlite_version(*)[0m
  ↳ app/views/produtos/cadastro.html.erb:3
  Rendered produtos/cadastro.html.erb within layouts/application (Duration: 9.8ms | Allocations: 5270)
[Webpacker] Everything's up-to-date. Nothing to do
  Rendered layout layouts/application.html.erb (Duration: 17.5ms | Allocations: 9972)
Completed 200 OK in 19ms (Views: 18.3ms | ActiveRecord: 1.0ms | Allocations: 10752)


Started POST "/produtos" for ::1 at 2023-05-16 09:22:53 -0300
Processing by ProdutosController#create as HTML
  Parameters: {"authenticity_token"=>"[FILTERED]", "produto"=>{"nome"=>"chinelo", "descricao"=>"aa", "preco"=>"12", "quantidade"=>"1"}}
  [1m[36mTRANSACTION (0.5ms)[0m  [1m[36mbegin transaction[0m
  ↳ app/controllers/produtos_controller.rb:10:in `create'
  [1m[36mProduto Create (0.3ms)[0m  [1m[32mINSERT INTO "produtos" ("nome", "descricao", "preco", "quantidade", "created_at", "updated_at") VALUES (?, ?, ?, ?, ?, ?)[0m  [["nome", "chinelo"], ["descricao", "aa"], ["preco", 12.0], ["quantidade", 1], ["created_at", "2023-05-16 12:22:53.012804"], ["updated_at", "2023-05-16 12:22:53.012804"]]
  ↳ app/controllers/produtos_controller.rb:10:in `create'
  [1m[36mTRANSACTION (12.9ms)[0m  [1m[36mcommit transaction[0m
  ↳ app/controllers/produtos_controller.rb:10:in `create'
Redirected to http://localhost:3000/
Completed 302 Found in 25ms (ActiveRecord: 13.7ms | Allocations: 4559)


Started GET "/" for ::1 at 2023-05-16 09:22:53 -0300
Processing by ProdutosController#index as HTML
  Rendering layout layouts/application.html.erb
  Rendering produtos/index.html.erb within layouts/application
  [1m[36mProduto Load (0.2ms)[0m  [1m[34mSELECT "produtos".* FROM "produtos" ORDER BY "produtos"."nome" ASC[0m
  ↳ app/views/produtos/index.html.erb:16
  [1m[36mProduto Load (0.2ms)[0m  [1m[34mSELECT "produtos".* FROM "produtos" ORDER BY "produtos"."preco" ASC LIMIT ?[0m  [["LIMIT", 1]]
  ↳ app/views/produtos/index.html.erb:39
  Rendered produtos/index.html.erb within layouts/application (Duration: 5.2ms | Allocations: 1870)
[Webpacker] Everything's up-to-date. Nothing to do
  Rendered layout layouts/application.html.erb (Duration: 12.1ms | Allocations: 6307)
Completed 200 OK in 14ms (Views: 12.5ms | ActiveRecord: 0.4ms | Allocations: 6914)


Started GET "/" for ::1 at 2023-05-16 09:33:11 -0300
Processing by ProdutosController#index as HTML
  [1m[35m (0.1ms)[0m  [1m[34mSELECT sqlite_version(*)[0m
  ↳ app/controllers/produtos_controller.rb:4:in `index'
  Rendering layout layouts/application.html.erb
  Rendering produtos/index.html.erb within layouts/application
  [1m[36mProduto Load (0.2ms)[0m  [1m[34mSELECT "produtos".* FROM "produtos" ORDER BY "produtos"."nome" ASC[0m
  ↳ app/views/produtos/index.html.erb:16
  [1m[36mProduto Load (0.5ms)[0m  [1m[34mSELECT "produtos".* FROM "produtos" ORDER BY "produtos"."preco" ASC LIMIT ?[0m  [["LIMIT", 1]]
  ↳ app/views/produtos/index.html.erb:39
  Rendered produtos/index.html.erb within layouts/application (Duration: 7.1ms | Allocations: 2313)
[Webpacker] Everything's up-to-date. Nothing to do
  Rendered layout layouts/application.html.erb (Duration: 15.1ms | Allocations: 7220)
Completed 200 OK in 24ms (Views: 17.0ms | ActiveRecord: 1.1ms | Allocations: 9410)


Started GET "/" for ::1 at 2023-05-16 09:33:12 -0300
Processing by ProdutosController#index as HTML
  Rendering layout layouts/application.html.erb
  Rendering produtos/index.html.erb within layouts/application
  [1m[36mProduto Load (0.3ms)[0m  [1m[34mSELECT "produtos".* FROM "produtos" ORDER BY "produtos"."nome" ASC[0m
  ↳ app/views/produtos/index.html.erb:16
  [1m[36mProduto Load (0.1ms)[0m  [1m[34mSELECT "produtos".* FROM "produtos" ORDER BY "produtos"."preco" ASC LIMIT ?[0m  [["LIMIT", 1]]
  ↳ app/views/produtos/index.html.erb:39
  Rendered produtos/index.html.erb within layouts/application (Duration: 6.0ms | Allocations: 1682)
[Webpacker] Everything's up-to-date. Nothing to do
  Rendered layout layouts/application.html.erb (Duration: 13.4ms | Allocations: 6118)
Completed 200 OK in 16ms (Views: 14.1ms | ActiveRecord: 0.4ms | Allocations: 6693)


Started GET "/" for ::1 at 2023-05-16 09:33:16 -0300
Processing by ProdutosController#index as HTML
  Rendering layout layouts/application.html.erb
  Rendering produtos/index.html.erb within layouts/application
  [1m[36mProduto Load (0.2ms)[0m  [1m[34mSELECT "produtos".* FROM "produtos" ORDER BY "produtos"."nome" ASC[0m
  ↳ app/views/produtos/index.html.erb:16
  [1m[36mProduto Load (0.6ms)[0m  [1m[34mSELECT "produtos".* FROM "produtos" ORDER BY "produtos"."preco" ASC LIMIT ?[0m  [["LIMIT", 1]]
  ↳ app/views/produtos/index.html.erb:39
  Rendered produtos/index.html.erb within layouts/application (Duration: 8.3ms | Allocations: 1682)
[Webpacker] Everything's up-to-date. Nothing to do
  Rendered layout layouts/application.html.erb (Duration: 15.4ms | Allocations: 6118)
Completed 200 OK in 18ms (Views: 15.4ms | ActiveRecord: 0.8ms | Allocations: 6629)


Started GET "/produtos/cadastro" for ::1 at 2023-05-16 09:33:18 -0300
Processing by ProdutosController#cadastro as HTML
  Rendering layout layouts/application.html.erb
  Rendering produtos/cadastro.html.erb within layouts/application
  Rendered produtos/cadastro.html.erb within layouts/application (Duration: 30.6ms | Allocations: 8257)
[Webpacker] Everything's up-to-date. Nothing to do
  Rendered layout layouts/application.html.erb (Duration: 36.8ms | Allocations: 12808)
Completed 200 OK in 38ms (Views: 37.5ms | ActiveRecord: 0.0ms | Allocations: 13393)


Started GET "/produtos/cadastro" for ::1 at 2023-05-16 09:33:20 -0300
Processing by ProdutosController#cadastro as HTML
  Rendering layout layouts/application.html.erb
  Rendering produtos/cadastro.html.erb within layouts/application
  Rendered produtos/cadastro.html.erb within layouts/application (Duration: 3.2ms | Allocations: 1264)
[Webpacker] Everything's up-to-date. Nothing to do
  Rendered layout layouts/application.html.erb (Duration: 10.3ms | Allocations: 5678)
Completed 200 OK in 19ms (Views: 17.7ms | ActiveRecord: 0.0ms | Allocations: 6188)


Started GET "/produtos/cadastro" for ::1 at 2023-05-16 09:33:50 -0300
Processing by ProdutosController#cadastro as HTML
  Rendering layout layouts/application.html.erb
  Rendering produtos/cadastro.html.erb within layouts/application
  Rendered produtos/cadastro.html.erb within layouts/application (Duration: 4.2ms | Allocations: 1236)
[Webpacker] Everything's up-to-date. Nothing to do
  Rendered layout layouts/application.html.erb (Duration: 10.8ms | Allocations: 5716)
Completed 200 OK in 12ms (Views: 11.5ms | ActiveRecord: 0.0ms | Allocations: 6164)


Started GET "/produtos/cadastro" for ::1 at 2023-05-16 09:33:51 -0300
Processing by ProdutosController#cadastro as HTML
  Rendering layout layouts/application.html.erb
  Rendering produtos/cadastro.html.erb within layouts/application
  Rendered produtos/cadastro.html.erb within layouts/application (Duration: 2.1ms | Allocations: 1235)
[Webpacker] Everything's up-to-date. Nothing to do
  Rendered layout layouts/application.html.erb (Duration: 9.2ms | Allocations: 5697)
Completed 200 OK in 11ms (Views: 9.9ms | ActiveRecord: 0.0ms | Allocations: 6146)


Started GET "/produtos/cadastro" for ::1 at 2023-05-16 09:33:51 -0300
Processing by ProdutosController#cadastro as HTML
  Rendering layout layouts/application.html.erb
  Rendering produtos/cadastro.html.erb within layouts/application
  Rendered produtos/cadastro.html.erb within layouts/application (Duration: 3.6ms | Allocations: 1236)
[Webpacker] Everything's up-to-date. Nothing to do
  Rendered layout layouts/application.html.erb (Duration: 11.6ms | Allocations: 5667)
Completed 200 OK in 13ms (Views: 12.5ms | ActiveRecord: 0.0ms | Allocations: 6115)


Started GET "/produtos/cadastro" for ::1 at 2023-05-16 09:33:52 -0300
Processing by ProdutosController#cadastro as HTML
  Rendering layout layouts/application.html.erb
  Rendering produtos/cadastro.html.erb within layouts/application
  Rendered produtos/cadastro.html.erb within layouts/application (Duration: 4.6ms | Allocations: 1235)
[Webpacker] Everything's up-to-date. Nothing to do
  Rendered layout layouts/application.html.erb (Duration: 11.5ms | Allocations: 5648)
Completed 200 OK in 13ms (Views: 12.2ms | ActiveRecord: 0.0ms | Allocations: 6096)


Started GET "/produtos/cadastro" for ::1 at 2023-05-16 09:33:52 -0300
Processing by ProdutosController#cadastro as HTML
  Rendering layout layouts/application.html.erb
  Rendering produtos/cadastro.html.erb within layouts/application
  Rendered produtos/cadastro.html.erb within layouts/application (Duration: 3.9ms | Allocations: 1235)
[Webpacker] Everything's up-to-date. Nothing to do
  Rendered layout layouts/application.html.erb (Duration: 11.5ms | Allocations: 5648)
Completed 200 OK in 13ms (Views: 12.5ms | ActiveRecord: 0.0ms | Allocations: 6096)


Started GET "/produtos/cadastro" for ::1 at 2023-05-16 09:33:53 -0300
Processing by ProdutosController#cadastro as HTML
  Rendering layout layouts/application.html.erb
  Rendering produtos/cadastro.html.erb within layouts/application
  Rendered produtos/cadastro.html.erb within layouts/application (Duration: 2.5ms | Allocations: 1236)
[Webpacker] Everything's up-to-date. Nothing to do
  Rendered layout layouts/application.html.erb (Duration: 9.8ms | Allocations: 5716)
Completed 200 OK in 11ms (Views: 10.3ms | ActiveRecord: 0.0ms | Allocations: 6164)


Started GET "/produtos/cadastro" for ::1 at 2023-05-16 09:33:53 -0300
Processing by ProdutosController#cadastro as HTML
  Rendering layout layouts/application.html.erb
  Rendering produtos/cadastro.html.erb within layouts/application
  Rendered produtos/cadastro.html.erb within layouts/application (Duration: 1.9ms | Allocations: 1235)
[Webpacker] Everything's up-to-date. Nothing to do
  Rendered layout layouts/application.html.erb (Duration: 13.6ms | Allocations: 5711)
Completed 200 OK in 15ms (Views: 14.1ms | ActiveRecord: 0.0ms | Allocations: 6160)


Started GET "/produtos/cadastro" for ::1 at 2023-05-16 09:33:54 -0300
Processing by ProdutosController#cadastro as HTML
  Rendering layout layouts/application.html.erb
  Rendering produtos/cadastro.html.erb within layouts/application
  Rendered produtos/cadastro.html.erb within layouts/application (Duration: 2.4ms | Allocations: 1235)
[Webpacker] Everything's up-to-date. Nothing to do
  Rendered layout layouts/application.html.erb (Duration: 10.1ms | Allocations: 5715)
Completed 200 OK in 12ms (Views: 10.8ms | ActiveRecord: 0.0ms | Allocations: 6164)


Started GET "/produtos/cadastro" for ::1 at 2023-05-16 09:38:24 -0300
Processing by ProdutosController#cadastro as HTML
  Rendering layout layouts/application.html.erb
  Rendering produtos/cadastro.html.erb within layouts/application
  Rendered produtos/cadastro.html.erb within layouts/application (Duration: 3.0ms | Allocations: 1768)
[Webpacker] Everything's up-to-date. Nothing to do
  Rendered layout layouts/application.html.erb (Duration: 12.4ms | Allocations: 6788)
Completed 200 OK in 19ms (Views: 16.1ms | ActiveRecord: 0.0ms | Allocations: 8164)


Started GET "/" for ::1 at 2023-05-16 09:38:26 -0300
Processing by ProdutosController#index as HTML
  Rendering layout layouts/application.html.erb
  Rendering produtos/index.html.erb within layouts/application
  [1m[36mProduto Load (0.2ms)[0m  [1m[34mSELECT "produtos".* FROM "produtos" ORDER BY "produtos"."nome" ASC[0m
  ↳ app/views/produtos/index.html.erb:14
  [1m[36mProduto Load (0.8ms)[0m  [1m[34mSELECT "produtos".* FROM "produtos" ORDER BY "produtos"."preco" ASC LIMIT ?[0m  [["LIMIT", 1]]
  ↳ app/views/produtos/index.html.erb:37
  Rendered produtos/index.html.erb within layouts/application (Duration: 8.7ms | Allocations: 2058)
[Webpacker] Everything's up-to-date. Nothing to do
  Rendered layout layouts/application.html.erb (Duration: 15.6ms | Allocations: 6658)
Completed 200 OK in 20ms (Views: 15.6ms | ActiveRecord: 1.0ms | Allocations: 7860)


